> Executing step 0
>> Running router on demo_361.rou.alt
>>> Begin time: 2025-01-26 21:25:28.894138
>>> End time: 2025-01-26 21:25:29.585405
>>> Duration: 0:00:00.691267
<<
>> Running simulation
>>> Begin time: 2025-01-26 21:25:29.586411
>>> End time: 2025-01-26 21:25:43.674663
>>> Duration: 0:00:14.088252
<<
< Step 0 ended (duration: 0:00:14.781521)
------------------

> Executing step 1
>> Running router on 000/demo_361.rou.alt_000.rou.alt.gz
>>> Begin time: 2025-01-26 21:25:43.674663
>>> End time: 2025-01-26 21:25:44.234791
>>> Duration: 0:00:00.560128
<<
>> Running simulation
>>> Begin time: 2025-01-26 21:25:44.234791
>>> End time: 2025-01-26 21:25:59.834772
>>> Duration: 0:00:15.599981
<<
< Step 1 ended (duration: 0:00:16.160109)
------------------

> Executing step 2
>> Running router on 001/demo_361.rou.alt_001.rou.alt.gz
>>> Begin time: 2025-01-26 21:25:59.834772
>>> End time: 2025-01-26 21:26:00.534587
>>> Duration: 0:00:00.699815
<<
>> Running simulation
>>> Begin time: 2025-01-26 21:26:00.534587
>>> End time: 2025-01-26 21:26:14.658847
>>> Duration: 0:00:14.124260
<<
< Step 2 ended (duration: 0:00:14.826081)
------------------

> Executing step 3
>> Running router on 002/demo_361.rou.alt_002.rou.alt.gz
>>> Begin time: 2025-01-26 21:26:14.668896
>>> End time: 2025-01-26 21:26:15.324698
>>> Duration: 0:00:00.655802
<<
>> Running simulation
>>> Begin time: 2025-01-26 21:26:15.324698
>>> End time: 2025-01-26 21:26:31.634681
>>> Duration: 0:00:16.309983
<<
< Step 3 ended (duration: 0:00:16.965785)
------------------

> Executing step 4
>> Running router on 003/demo_361.rou.alt_003.rou.alt.gz
>>> Begin time: 2025-01-26 21:26:31.649723
>>> End time: 2025-01-26 21:26:32.264763
>>> Duration: 0:00:00.615040
<<
>> Running simulation
>>> Begin time: 2025-01-26 21:26:32.264763
>>> End time: 2025-01-26 21:26:45.184550
>>> Duration: 0:00:12.919787
<<
< Step 4 ended (duration: 0:00:13.544612)
------------------

> Executing step 5
>> Running router on 004/demo_361.rou.alt_004.rou.alt.gz
>>> Begin time: 2025-01-26 21:26:45.202213
>>> End time: 2025-01-26 21:26:45.716727
>>> Duration: 0:00:00.514514
<<
>> Running simulation
>>> Begin time: 2025-01-26 21:26:45.716727
>>> End time: 2025-01-26 21:27:00.052595
>>> Duration: 0:00:14.335868
<<
< Step 5 ended (duration: 0:00:14.850382)
------------------

> Executing step 6
>> Running router on 005/demo_361.rou.alt_005.rou.alt.gz
>>> Begin time: 2025-01-26 21:27:00.059239
>>> End time: 2025-01-26 21:27:00.590470
>>> Duration: 0:00:00.531231
<<
>> Running simulation
>>> Begin time: 2025-01-26 21:27:00.590470
>>> End time: 2025-01-26 21:27:15.394449
>>> Duration: 0:00:14.803979
<<
< Step 6 ended (duration: 0:00:15.335210)
------------------

> Executing step 7
>> Running router on 006/demo_361.rou.alt_006.rou.alt.gz
>>> Begin time: 2025-01-26 21:27:15.424460
>>> End time: 2025-01-26 21:27:15.964072
>>> Duration: 0:00:00.539612
<<
>> Running simulation
>>> Begin time: 2025-01-26 21:27:15.974042
>>> End time: 2025-01-26 21:27:27.889281
>>> Duration: 0:00:11.915239
<<
< Step 7 ended (duration: 0:00:12.464821)
------------------

> Executing step 8
>> Running router on 007/demo_361.rou.alt_007.rou.alt.gz
>>> Begin time: 2025-01-26 21:27:27.895892
>>> End time: 2025-01-26 21:27:28.424311
>>> Duration: 0:00:00.528419
<<
>> Running simulation
>>> Begin time: 2025-01-26 21:27:28.424311
>>> End time: 2025-01-26 21:27:42.492748
>>> Duration: 0:00:14.068437
<<
< Step 8 ended (duration: 0:00:14.598362)
------------------

> Executing step 9
>> Running router on 008/demo_361.rou.alt_008.rou.alt.gz
>>> Begin time: 2025-01-26 21:27:42.501746
>>> End time: 2025-01-26 21:27:43.023989
>>> Duration: 0:00:00.522243
<<
>> Running simulation
>>> Begin time: 2025-01-26 21:27:43.023989
>>> End time: 2025-01-26 21:28:00.013861
>>> Duration: 0:00:16.989872
<<
< Step 9 ended (duration: 0:00:17.512115)
------------------

> Executing step 10
>> Running router on 009/demo_361.rou.alt_009.rou.alt.gz
>>> Begin time: 2025-01-26 21:28:00.021553
>>> End time: 2025-01-26 21:28:00.554251
>>> Duration: 0:00:00.532698
<<
>> Running simulation
>>> Begin time: 2025-01-26 21:28:00.554251
>>> End time: 2025-01-26 21:28:18.854148
>>> Duration: 0:00:18.299897
<<
< Step 10 ended (duration: 0:00:18.832595)
------------------

> Executing step 11
>> Running router on 010/demo_361.rou.alt_010.rou.alt.gz
>>> Begin time: 2025-01-26 21:28:18.867469
>>> End time: 2025-01-26 21:28:19.384092
>>> Duration: 0:00:00.516623
<<
>> Running simulation
>>> Begin time: 2025-01-26 21:28:19.384092
>>> End time: 2025-01-26 21:28:38.323733
>>> Duration: 0:00:18.939641
<<
< Step 11 ended (duration: 0:00:19.456264)
------------------

> Executing step 12
>> Running router on 011/demo_361.rou.alt_011.rou.alt.gz
>>> Begin time: 2025-01-26 21:28:38.334265
>>> End time: 2025-01-26 21:28:38.884753
>>> Duration: 0:00:00.550488
<<
>> Running simulation
>>> Begin time: 2025-01-26 21:28:38.893633
>>> End time: 2025-01-26 21:28:54.908114
>>> Duration: 0:00:16.014481
<<
< Step 12 ended (duration: 0:00:16.574519)
------------------

> Executing step 13
>> Running router on 012/demo_361.rou.alt_012.rou.alt.gz
>>> Begin time: 2025-01-26 21:28:54.918408
>>> End time: 2025-01-26 21:28:55.463663
>>> Duration: 0:00:00.545255
<<
>> Running simulation
>>> Begin time: 2025-01-26 21:28:55.463663
>>> End time: 2025-01-26 21:29:13.143781
>>> Duration: 0:00:17.680118
<<
< Step 13 ended (duration: 0:00:18.230374)
------------------

> Executing step 14
>> Running router on 013/demo_361.rou.alt_013.rou.alt.gz
>>> Begin time: 2025-01-26 21:29:13.148782
>>> End time: 2025-01-26 21:29:13.733441
>>> Duration: 0:00:00.584659
<<
>> Running simulation
>>> Begin time: 2025-01-26 21:29:13.733441
>>> End time: 2025-01-26 21:29:30.403766
>>> Duration: 0:00:16.670325
<<
< Step 14 ended (duration: 0:00:17.257586)
------------------

> Executing step 15
>> Running router on 014/demo_361.rou.alt_014.rou.alt.gz
>>> Begin time: 2025-01-26 21:29:30.410380
>>> End time: 2025-01-26 21:29:31.073391
>>> Duration: 0:00:00.663011
<<
>> Running simulation
>>> Begin time: 2025-01-26 21:29:31.073391
>>> End time: 2025-01-26 21:29:47.063553
>>> Duration: 0:00:15.990162
<<
< Step 15 ended (duration: 0:00:16.654735)
------------------

> Executing step 16
>> Running router on 015/demo_361.rou.alt_015.rou.alt.gz
>>> Begin time: 2025-01-26 21:29:47.068116
>>> End time: 2025-01-26 21:29:47.663545
>>> Duration: 0:00:00.595429
<<
>> Running simulation
>>> Begin time: 2025-01-26 21:29:47.664654
>>> End time: 2025-01-26 21:30:03.833628
>>> Duration: 0:00:16.168974
<<
< Step 16 ended (duration: 0:00:16.765512)
------------------

> Executing step 17
>> Running router on 016/demo_361.rou.alt_016.rou.alt.gz
>>> Begin time: 2025-01-26 21:30:03.853366
>>> End time: 2025-01-26 21:30:04.373375
>>> Duration: 0:00:00.520009
<<
>> Running simulation
>>> Begin time: 2025-01-26 21:30:04.373375
>>> End time: 2025-01-26 21:30:18.886509
>>> Duration: 0:00:14.513134
<<
< Step 17 ended (duration: 0:00:15.033143)
------------------

> Executing step 18
>> Running router on 017/demo_361.rou.alt_017.rou.alt.gz
>>> Begin time: 2025-01-26 21:30:18.893379
>>> End time: 2025-01-26 21:30:19.486359
>>> Duration: 0:00:00.592980
<<
>> Running simulation
>>> Begin time: 2025-01-26 21:30:19.486359
>>> End time: 2025-01-26 21:30:39.128151
>>> Duration: 0:00:19.641792
<<
< Step 18 ended (duration: 0:00:20.234772)
------------------

> Executing step 19
>> Running router on 018/demo_361.rou.alt_018.rou.alt.gz
>>> Begin time: 2025-01-26 21:30:39.136197
>>> End time: 2025-01-26 21:30:39.713279
>>> Duration: 0:00:00.577082
<<
>> Running simulation
>>> Begin time: 2025-01-26 21:30:39.713279
>>> End time: 2025-01-26 21:30:54.565146
>>> Duration: 0:00:14.851867
<<
< Step 19 ended (duration: 0:00:15.428949)
------------------

> Executing step 20
>> Running router on 019/demo_361.rou.alt_019.rou.alt.gz
>>> Begin time: 2025-01-26 21:30:54.573028
>>> End time: 2025-01-26 21:30:55.153156
>>> Duration: 0:00:00.580128
<<
>> Running simulation
>>> Begin time: 2025-01-26 21:30:55.153156
>>> End time: 2025-01-26 21:31:12.948256
>>> Duration: 0:00:17.795100
<<
< Step 20 ended (duration: 0:00:18.375228)
------------------

> Executing step 21
>> Running router on 020/demo_361.rou.alt_020.rou.alt.gz
>>> Begin time: 2025-01-26 21:31:12.953157
>>> End time: 2025-01-26 21:31:13.473172
>>> Duration: 0:00:00.520015
<<
>> Running simulation
>>> Begin time: 2025-01-26 21:31:13.473172
>>> End time: 2025-01-26 21:31:28.824763
>>> Duration: 0:00:15.351591
<<
< Step 21 ended (duration: 0:00:15.873113)
------------------

> Executing step 22
>> Running router on 021/demo_361.rou.alt_021.rou.alt.gz
>>> Begin time: 2025-01-26 21:31:28.824763
>>> End time: 2025-01-26 21:31:29.407129
>>> Duration: 0:00:00.582366
<<
>> Running simulation
>>> Begin time: 2025-01-26 21:31:29.407129
>>> End time: 2025-01-26 21:31:47.492639
>>> Duration: 0:00:18.085510
<<
< Step 22 ended (duration: 0:00:18.667876)
------------------

> Executing step 23
>> Running router on 022/demo_361.rou.alt_022.rou.alt.gz
>>> Begin time: 2025-01-26 21:31:47.496024
>>> End time: 2025-01-26 21:31:48.060633
>>> Duration: 0:00:00.564609
<<
>> Running simulation
>>> Begin time: 2025-01-26 21:31:48.060633
>>> End time: 2025-01-26 21:32:08.918849
>>> Duration: 0:00:20.858216
<<
< Step 23 ended (duration: 0:00:21.422825)
------------------

> Executing step 24
>> Running router on 023/demo_361.rou.alt_023.rou.alt.gz
>>> Begin time: 2025-01-26 21:32:08.947385
>>> End time: 2025-01-26 21:32:09.515036
>>> Duration: 0:00:00.567651
<<
>> Running simulation
>>> Begin time: 2025-01-26 21:32:09.515036
>>> End time: 2025-01-26 21:32:24.522703
>>> Duration: 0:00:15.007667
<<
< Step 24 ended (duration: 0:00:15.575318)
------------------

> Executing step 25
>> Running router on 024/demo_361.rou.alt_024.rou.alt.gz
>>> Begin time: 2025-01-26 21:32:24.532483
>>> End time: 2025-01-26 21:32:25.114465
>>> Duration: 0:00:00.581982
<<
>> Running simulation
>>> Begin time: 2025-01-26 21:32:25.115503
>>> End time: 2025-01-26 21:32:39.242702
>>> Duration: 0:00:14.127199
<<
< Step 25 ended (duration: 0:00:14.710219)
------------------

> Executing step 26
>> Running router on 025/demo_361.rou.alt_025.rou.alt.gz
>>> Begin time: 2025-01-26 21:32:39.251527
>>> End time: 2025-01-26 21:32:39.844369
>>> Duration: 0:00:00.592842
<<
>> Running simulation
>>> Begin time: 2025-01-26 21:32:39.845369
>>> End time: 2025-01-26 21:32:52.324495
>>> Duration: 0:00:12.479126
<<
< Step 26 ended (duration: 0:00:13.075751)
------------------

> Executing step 27
>> Running router on 026/demo_361.rou.alt_026.rou.alt.gz
>>> Begin time: 2025-01-26 21:32:52.328507
>>> End time: 2025-01-26 21:32:52.942387
>>> Duration: 0:00:00.613880
<<
>> Running simulation
>>> Begin time: 2025-01-26 21:32:52.942387
>>> End time: 2025-01-26 21:33:06.229388
>>> Duration: 0:00:13.287001
<<
< Step 27 ended (duration: 0:00:13.900881)
------------------

> Executing step 28
>> Running router on 027/demo_361.rou.alt_027.rou.alt.gz
>>> Begin time: 2025-01-26 21:33:06.232439
>>> End time: 2025-01-26 21:33:06.804514
>>> Duration: 0:00:00.572075
<<
>> Running simulation
>>> Begin time: 2025-01-26 21:33:06.804514
>>> End time: 2025-01-26 21:33:23.712221
>>> Duration: 0:00:16.907707
<<
< Step 28 ended (duration: 0:00:17.479782)
------------------

> Executing step 29
>> Running router on 028/demo_361.rou.alt_028.rou.alt.gz
>>> Begin time: 2025-01-26 21:33:23.712221
>>> End time: 2025-01-26 21:33:24.252522
>>> Duration: 0:00:00.540301
<<
>> Running simulation
>>> Begin time: 2025-01-26 21:33:24.252522
>>> End time: 2025-01-26 21:33:42.931947
>>> Duration: 0:00:18.679425
<<
< Step 29 ended (duration: 0:00:19.219726)
------------------

> Executing step 30
>> Running router on 029/demo_361.rou.alt_029.rou.alt.gz
>>> Begin time: 2025-01-26 21:33:42.942059
>>> End time: 2025-01-26 21:33:43.497407
>>> Duration: 0:00:00.555348
<<
>> Running simulation
>>> Begin time: 2025-01-26 21:33:43.497407
>>> End time: 2025-01-26 21:33:59.973169
>>> Duration: 0:00:16.475762
<<
< Step 30 ended (duration: 0:00:17.031110)
------------------

> Executing step 31
>> Running router on 030/demo_361.rou.alt_030.rou.alt.gz
>>> Begin time: 2025-01-26 21:33:59.981165
>>> End time: 2025-01-26 21:34:00.692864
>>> Duration: 0:00:00.711699
<<
>> Running simulation
>>> Begin time: 2025-01-26 21:34:00.693866
>>> End time: 2025-01-26 21:34:15.601790
>>> Duration: 0:00:14.907924
<<
< Step 31 ended (duration: 0:00:15.620625)
------------------

> Executing step 32
>> Running router on 031/demo_361.rou.alt_031.rou.alt.gz
>>> Begin time: 2025-01-26 21:34:15.615389
>>> End time: 2025-01-26 21:34:16.184425
>>> Duration: 0:00:00.569036
<<
>> Running simulation
>>> Begin time: 2025-01-26 21:34:16.184425
>>> End time: 2025-01-26 21:34:31.081995
>>> Duration: 0:00:14.897570
<<
< Step 32 ended (duration: 0:00:15.479421)
------------------

> Executing step 33
>> Running router on 032/demo_361.rou.alt_032.rou.alt.gz
>>> Begin time: 2025-01-26 21:34:31.120115
>>> End time: 2025-01-26 21:34:31.661770
>>> Duration: 0:00:00.541655
<<
>> Running simulation
>>> Begin time: 2025-01-26 21:34:31.661770
>>> End time: 2025-01-26 21:34:45.401845
>>> Duration: 0:00:13.740075
<<
< Step 33 ended (duration: 0:00:14.281730)
------------------

> Executing step 34
>> Running router on 033/demo_361.rou.alt_033.rou.alt.gz
>>> Begin time: 2025-01-26 21:34:45.401845
>>> End time: 2025-01-26 21:34:46.001841
>>> Duration: 0:00:00.599996
<<
>> Running simulation
>>> Begin time: 2025-01-26 21:34:46.002387
>>> End time: 2025-01-26 21:34:59.677649
>>> Duration: 0:00:13.675262
<<
< Step 34 ended (duration: 0:00:14.275804)
------------------

> Executing step 35
>> Running router on 034/demo_361.rou.alt_034.rou.alt.gz
>>> Begin time: 2025-01-26 21:34:59.680602
>>> End time: 2025-01-26 21:35:00.230295
>>> Duration: 0:00:00.549693
<<
>> Running simulation
>>> Begin time: 2025-01-26 21:35:00.231806
>>> End time: 2025-01-26 21:35:15.431787
>>> Duration: 0:00:15.199981
<<
< Step 35 ended (duration: 0:00:15.751185)
------------------

> Executing step 36
>> Running router on 035/demo_361.rou.alt_035.rou.alt.gz
>>> Begin time: 2025-01-26 21:35:15.436893
>>> End time: 2025-01-26 21:35:16.029997
>>> Duration: 0:00:00.593104
<<
>> Running simulation
>>> Begin time: 2025-01-26 21:35:16.031504
>>> End time: 2025-01-26 21:35:31.924663
>>> Duration: 0:00:15.893159
<<
< Step 36 ended (duration: 0:00:16.488772)
------------------

> Executing step 37
>> Running router on 036/demo_361.rou.alt_036.rou.alt.gz
>>> Begin time: 2025-01-26 21:35:31.932179
>>> End time: 2025-01-26 21:35:32.501609
>>> Duration: 0:00:00.569430
<<
>> Running simulation
>>> Begin time: 2025-01-26 21:35:32.501609
>>> End time: 2025-01-26 21:35:46.209581
>>> Duration: 0:00:13.707972
<<
< Step 37 ended (duration: 0:00:14.277402)
------------------

> Executing step 38
>> Running router on 037/demo_361.rou.alt_037.rou.alt.gz
>>> Begin time: 2025-01-26 21:35:46.216771
>>> End time: 2025-01-26 21:35:46.839849
>>> Duration: 0:00:00.623078
<<
>> Running simulation
>>> Begin time: 2025-01-26 21:35:46.839849
>>> End time: 2025-01-26 21:36:04.871309
>>> Duration: 0:00:18.031460
<<
< Step 38 ended (duration: 0:00:18.654538)
------------------

> Executing step 39
>> Running router on 038/demo_361.rou.alt_038.rou.alt.gz
>>> Begin time: 2025-01-26 21:36:04.879860
>>> End time: 2025-01-26 21:36:05.454868
>>> Duration: 0:00:00.575008
<<
>> Running simulation
>>> Begin time: 2025-01-26 21:36:05.454868
>>> End time: 2025-01-26 21:36:20.164805
>>> Duration: 0:00:14.709937
<<
< Step 39 ended (duration: 0:00:15.285901)
------------------

> Executing step 40
>> Running router on 039/demo_361.rou.alt_039.rou.alt.gz
>>> Begin time: 2025-01-26 21:36:20.172412
>>> End time: 2025-01-26 21:36:20.749343
>>> Duration: 0:00:00.576931
<<
>> Running simulation
>>> Begin time: 2025-01-26 21:36:20.750345
>>> End time: 2025-01-26 21:36:36.478473
>>> Duration: 0:00:15.728128
<<
< Step 40 ended (duration: 0:00:16.306061)
------------------

> Executing step 41
>> Running router on 040/demo_361.rou.alt_040.rou.alt.gz
>>> Begin time: 2025-01-26 21:36:36.482991
>>> End time: 2025-01-26 21:36:37.051193
>>> Duration: 0:00:00.568202
<<
>> Running simulation
>>> Begin time: 2025-01-26 21:36:37.051193
>>> End time: 2025-01-26 21:36:51.251116
>>> Duration: 0:00:14.199923
<<
< Step 41 ended (duration: 0:00:14.768125)
------------------

> Executing step 42
>> Running router on 041/demo_361.rou.alt_041.rou.alt.gz
>>> Begin time: 2025-01-26 21:36:51.251116
>>> End time: 2025-01-26 21:36:51.831280
>>> Duration: 0:00:00.580164
<<
>> Running simulation
>>> Begin time: 2025-01-26 21:36:51.831280
>>> End time: 2025-01-26 21:37:04.791346
>>> Duration: 0:00:12.960066
<<
< Step 42 ended (duration: 0:00:13.540230)
------------------

> Executing step 43
>> Running router on 042/demo_361.rou.alt_042.rou.alt.gz
>>> Begin time: 2025-01-26 21:37:04.791346
>>> End time: 2025-01-26 21:37:05.356820
>>> Duration: 0:00:00.565474
<<
>> Running simulation
>>> Begin time: 2025-01-26 21:37:05.357820
>>> End time: 2025-01-26 21:37:20.330898
>>> Duration: 0:00:14.973078
<<
< Step 43 ended (duration: 0:00:15.539552)
------------------

> Executing step 44
>> Running router on 043/demo_361.rou.alt_043.rou.alt.gz
>>> Begin time: 2025-01-26 21:37:20.341222
>>> End time: 2025-01-26 21:37:20.921200
>>> Duration: 0:00:00.579978
<<
>> Running simulation
>>> Begin time: 2025-01-26 21:37:20.921200
>>> End time: 2025-01-26 21:37:42.560574
>>> Duration: 0:00:21.639374
<<
< Step 44 ended (duration: 0:00:22.219938)
------------------

> Executing step 45
>> Running router on 044/demo_361.rou.alt_044.rou.alt.gz
>>> Begin time: 2025-01-26 21:37:42.564170
>>> End time: 2025-01-26 21:37:43.150809
>>> Duration: 0:00:00.586639
<<
>> Running simulation
>>> Begin time: 2025-01-26 21:37:43.150809
>>> End time: 2025-01-26 21:38:04.360639
>>> Duration: 0:00:21.209830
<<
< Step 45 ended (duration: 0:00:21.796469)
------------------

> Executing step 46
>> Running router on 045/demo_361.rou.alt_045.rou.alt.gz
>>> Begin time: 2025-01-26 21:38:04.372773
>>> End time: 2025-01-26 21:38:04.970595
>>> Duration: 0:00:00.597822
<<
>> Running simulation
>>> Begin time: 2025-01-26 21:38:04.970595
>>> End time: 2025-01-26 21:38:26.290610
>>> Duration: 0:00:21.320015
<<
< Step 46 ended (duration: 0:00:21.917837)
------------------

> Executing step 47
>> Running router on 046/demo_361.rou.alt_046.rou.alt.gz
>>> Begin time: 2025-01-26 21:38:26.290610
>>> End time: 2025-01-26 21:38:26.996899
>>> Duration: 0:00:00.706289
<<
>> Running simulation
>>> Begin time: 2025-01-26 21:38:26.996899
>>> End time: 2025-01-26 21:38:47.550392
>>> Duration: 0:00:20.553493
<<
< Step 47 ended (duration: 0:00:21.259782)
------------------

> Executing step 48
>> Running router on 047/demo_361.rou.alt_047.rou.alt.gz
>>> Begin time: 2025-01-26 21:38:47.550392
>>> End time: 2025-01-26 21:38:48.220652
>>> Duration: 0:00:00.670260
<<
>> Running simulation
>>> Begin time: 2025-01-26 21:38:48.220652
>>> End time: 2025-01-26 21:39:07.360370
>>> Duration: 0:00:19.139718
<<
< Step 48 ended (duration: 0:00:19.809978)
------------------

> Executing step 49
>> Running router on 048/demo_361.rou.alt_048.rou.alt.gz
>>> Begin time: 2025-01-26 21:39:07.372201
>>> End time: 2025-01-26 21:39:07.985048
>>> Duration: 0:00:00.612847
<<
>> Running simulation
>>> Begin time: 2025-01-26 21:39:07.986013
>>> End time: 2025-01-26 21:39:27.470425
>>> Duration: 0:00:19.484412
<<
< Step 49 ended (duration: 0:00:20.098224)
------------------

> Executing step 50
>> Running router on 049/demo_361.rou.alt_049.rou.alt.gz
>>> Begin time: 2025-01-26 21:39:27.474511
>>> End time: 2025-01-26 21:39:28.071884
>>> Duration: 0:00:00.597373
<<
>> Running simulation
>>> Begin time: 2025-01-26 21:39:28.071884
>>> End time: 2025-01-26 21:39:52.150244
>>> Duration: 0:00:24.078360
<<
< Step 50 ended (duration: 0:00:24.677743)
------------------

> Executing step 51
>> Running router on 050/demo_361.rou.alt_050.rou.alt.gz
>>> Begin time: 2025-01-26 21:39:52.157071
>>> End time: 2025-01-26 21:39:52.814952
>>> Duration: 0:00:00.657881
<<
>> Running simulation
>>> Begin time: 2025-01-26 21:39:52.814952
>>> End time: 2025-01-26 21:40:17.061636
>>> Duration: 0:00:24.246684
<<
< Step 51 ended (duration: 0:00:24.904565)
------------------

> Executing step 52
>> Running router on 051/demo_361.rou.alt_051.rou.alt.gz
>>> Begin time: 2025-01-26 21:40:17.070076
>>> End time: 2025-01-26 21:40:17.658383
>>> Duration: 0:00:00.588307
<<
>> Running simulation
>>> Begin time: 2025-01-26 21:40:17.659351
>>> End time: 2025-01-26 21:40:38.977915
>>> Duration: 0:00:21.318564
<<
< Step 52 ended (duration: 0:00:21.907839)
------------------

> Executing step 53
>> Running router on 052/demo_361.rou.alt_052.rou.alt.gz
>>> Begin time: 2025-01-26 21:40:38.981958
>>> End time: 2025-01-26 21:40:39.580185
>>> Duration: 0:00:00.598227
<<
>> Running simulation
>>> Begin time: 2025-01-26 21:40:39.580185
>>> End time: 2025-01-26 21:40:59.058364
>>> Duration: 0:00:19.478179
<<
< Step 53 ended (duration: 0:00:20.079947)
------------------

> Executing step 54
>> Running router on 053/demo_361.rou.alt_053.rou.alt.gz
>>> Begin time: 2025-01-26 21:40:59.061943
>>> End time: 2025-01-26 21:40:59.660107
>>> Duration: 0:00:00.598164
<<
>> Running simulation
>>> Begin time: 2025-01-26 21:40:59.660107
>>> End time: 2025-01-26 21:41:23.454882
>>> Duration: 0:00:23.794775
<<
< Step 54 ended (duration: 0:00:24.392939)
------------------

> Executing step 55
>> Running router on 054/demo_361.rou.alt_054.rou.alt.gz
>>> Begin time: 2025-01-26 21:41:23.458882
>>> End time: 2025-01-26 21:41:24.089168
>>> Duration: 0:00:00.630286
<<
>> Running simulation
>>> Begin time: 2025-01-26 21:41:24.090195
>>> End time: 2025-01-26 21:41:46.376919
>>> Duration: 0:00:22.286724
<<
< Step 55 ended (duration: 0:00:22.919033)
------------------

> Executing step 56
>> Running router on 055/demo_361.rou.alt_055.rou.alt.gz
>>> Begin time: 2025-01-26 21:41:46.384519
>>> End time: 2025-01-26 21:41:47.005874
>>> Duration: 0:00:00.621355
<<
>> Running simulation
>>> Begin time: 2025-01-26 21:41:47.005874
>>> End time: 2025-01-26 21:42:09.166331
>>> Duration: 0:00:22.160457
<<
< Step 56 ended (duration: 0:00:22.782779)
------------------

> Executing step 57
>> Running router on 056/demo_361.rou.alt_056.rou.alt.gz
>>> Begin time: 2025-01-26 21:42:09.169799
>>> End time: 2025-01-26 21:42:09.799638
>>> Duration: 0:00:00.629839
<<
>> Running simulation
>>> Begin time: 2025-01-26 21:42:09.800209
>>> End time: 2025-01-26 21:42:29.539587
>>> Duration: 0:00:19.739378
<<
< Step 57 ended (duration: 0:00:20.369788)
------------------

> Executing step 58
>> Running router on 057/demo_361.rou.alt_057.rou.alt.gz
>>> Begin time: 2025-01-26 21:42:29.539587
>>> End time: 2025-01-26 21:42:30.161678
>>> Duration: 0:00:00.622091
<<
>> Running simulation
>>> Begin time: 2025-01-26 21:42:30.161678
>>> End time: 2025-01-26 21:42:49.542165
>>> Duration: 0:00:19.380487
<<
< Step 58 ended (duration: 0:00:20.002578)
------------------

> Executing step 59
>> Running router on 058/demo_361.rou.alt_058.rou.alt.gz
>>> Begin time: 2025-01-26 21:42:49.546513
>>> End time: 2025-01-26 21:42:50.169766
>>> Duration: 0:00:00.623253
<<
>> Running simulation
>>> Begin time: 2025-01-26 21:42:50.169766
>>> End time: 2025-01-26 21:43:07.359798
>>> Duration: 0:00:17.190032
<<
< Step 59 ended (duration: 0:00:17.813285)
------------------

> Executing step 60
>> Running router on 059/demo_361.rou.alt_059.rou.alt.gz
>>> Begin time: 2025-01-26 21:43:07.369763
>>> End time: 2025-01-26 21:43:07.989544
>>> Duration: 0:00:00.619781
<<
>> Running simulation
>>> Begin time: 2025-01-26 21:43:07.989544
>>> End time: 2025-01-26 21:43:26.053444
>>> Duration: 0:00:18.063900
<<
< Step 60 ended (duration: 0:00:18.683681)
------------------

> Executing step 61
>> Running router on 060/demo_361.rou.alt_060.rou.alt.gz
>>> Begin time: 2025-01-26 21:43:26.059689
>>> End time: 2025-01-26 21:43:26.674128
>>> Duration: 0:00:00.614439
<<
>> Running simulation
>>> Begin time: 2025-01-26 21:43:26.674128
>>> End time: 2025-01-26 21:43:49.809198
>>> Duration: 0:00:23.135070
<<
< Step 61 ended (duration: 0:00:23.749509)
------------------

> Executing step 62
>> Running router on 061/demo_361.rou.alt_061.rou.alt.gz
>>> Begin time: 2025-01-26 21:43:49.815208
>>> End time: 2025-01-26 21:43:50.519446
>>> Duration: 0:00:00.704238
<<
>> Running simulation
>>> Begin time: 2025-01-26 21:43:50.519446
>>> End time: 2025-01-26 21:44:12.549448
>>> Duration: 0:00:22.030002
<<
< Step 62 ended (duration: 0:00:22.734240)
------------------

> Executing step 63
>> Running router on 062/demo_361.rou.alt_062.rou.alt.gz
>>> Begin time: 2025-01-26 21:44:12.549448
>>> End time: 2025-01-26 21:44:13.190416
>>> Duration: 0:00:00.640968
<<
>> Running simulation
>>> Begin time: 2025-01-26 21:44:13.191409
>>> End time: 2025-01-26 21:44:27.259254
>>> Duration: 0:00:14.067845
<<
< Step 63 ended (duration: 0:00:14.709806)
------------------

> Executing step 64
>> Running router on 063/demo_361.rou.alt_063.rou.alt.gz
>>> Begin time: 2025-01-26 21:44:27.269409
>>> End time: 2025-01-26 21:44:27.861681
>>> Duration: 0:00:00.592272
<<
>> Running simulation
>>> Begin time: 2025-01-26 21:44:27.861681
>>> End time: 2025-01-26 21:44:46.629019
>>> Duration: 0:00:18.767338
<<
< Step 64 ended (duration: 0:00:19.359610)
------------------

> Executing step 65
>> Running router on 064/demo_361.rou.alt_064.rou.alt.gz
>>> Begin time: 2025-01-26 21:44:46.641736
>>> End time: 2025-01-26 21:44:47.263414
>>> Duration: 0:00:00.621678
<<
>> Running simulation
>>> Begin time: 2025-01-26 21:44:47.263414
>>> End time: 2025-01-26 21:45:08.353123
>>> Duration: 0:00:21.089709
<<
< Step 65 ended (duration: 0:00:21.711387)
------------------

> Executing step 66
>> Running router on 065/demo_361.rou.alt_065.rou.alt.gz
>>> Begin time: 2025-01-26 21:45:08.364931
>>> End time: 2025-01-26 21:45:08.959132
>>> Duration: 0:00:00.594201
<<
>> Running simulation
>>> Begin time: 2025-01-26 21:45:08.959132
>>> End time: 2025-01-26 21:45:34.699083
>>> Duration: 0:00:25.739951
<<
< Step 66 ended (duration: 0:00:26.336160)
------------------

> Executing step 67
>> Running router on 066/demo_361.rou.alt_066.rou.alt.gz
>>> Begin time: 2025-01-26 21:45:34.699083
>>> End time: 2025-01-26 21:45:35.369070
>>> Duration: 0:00:00.669987
<<
>> Running simulation
>>> Begin time: 2025-01-26 21:45:35.370083
>>> End time: 2025-01-26 21:46:00.362892
>>> Duration: 0:00:24.992809
<<
< Step 67 ended (duration: 0:00:25.664809)
------------------

> Executing step 68
>> Running router on 067/demo_361.rou.alt_067.rou.alt.gz
>>> Begin time: 2025-01-26 21:46:00.377463
>>> End time: 2025-01-26 21:46:01.032670
>>> Duration: 0:00:00.655207
<<
>> Running simulation
>>> Begin time: 2025-01-26 21:46:01.032670
>>> End time: 2025-01-26 21:46:24.678944
>>> Duration: 0:00:23.646274
<<
< Step 68 ended (duration: 0:00:24.302483)
------------------

> Executing step 69
>> Running router on 068/demo_361.rou.alt_068.rou.alt.gz
>>> Begin time: 2025-01-26 21:46:24.688002
>>> End time: 2025-01-26 21:46:25.313558
>>> Duration: 0:00:00.625556
<<
>> Running simulation
>>> Begin time: 2025-01-26 21:46:25.314563
>>> End time: 2025-01-26 21:46:47.758828
>>> Duration: 0:00:22.444265
<<
< Step 69 ended (duration: 0:00:23.080887)
------------------

> Executing step 70
>> Running router on 069/demo_361.rou.alt_069.rou.alt.gz
>>> Begin time: 2025-01-26 21:46:47.772146
>>> End time: 2025-01-26 21:46:48.388486
>>> Duration: 0:00:00.616340
<<
>> Running simulation
>>> Begin time: 2025-01-26 21:46:48.388486
>>> End time: 2025-01-26 21:47:07.022462
>>> Duration: 0:00:18.633976
<<
< Step 70 ended (duration: 0:00:19.253573)
------------------

> Executing step 71
>> Running router on 070/demo_361.rou.alt_070.rou.alt.gz
>>> Begin time: 2025-01-26 21:47:07.022462
>>> End time: 2025-01-26 21:47:07.658493
>>> Duration: 0:00:00.636031
<<
>> Running simulation
>>> Begin time: 2025-01-26 21:47:07.658493
>>> End time: 2025-01-26 21:47:32.068966
>>> Duration: 0:00:24.410473
<<
< Step 71 ended (duration: 0:00:25.047508)
------------------

> Executing step 72
>> Running router on 071/demo_361.rou.alt_071.rou.alt.gz
>>> Begin time: 2025-01-26 21:47:32.087280
>>> End time: 2025-01-26 21:47:33.051460
>>> Duration: 0:00:00.964180
<<
>> Running simulation
>>> Begin time: 2025-01-26 21:47:33.051460
>>> End time: 2025-01-26 21:47:51.991619
>>> Duration: 0:00:18.940159
<<
< Step 72 ended (duration: 0:00:19.904339)
------------------

> Executing step 73
>> Running router on 072/demo_361.rou.alt_072.rou.alt.gz
>>> Begin time: 2025-01-26 21:47:52.000351
>>> End time: 2025-01-26 21:47:52.628299
>>> Duration: 0:00:00.627948
<<
>> Running simulation
>>> Begin time: 2025-01-26 21:47:52.628299
>>> End time: 2025-01-26 21:48:13.188551
>>> Duration: 0:00:20.560252
<<
< Step 73 ended (duration: 0:00:21.188200)
------------------

> Executing step 74
>> Running router on 073/demo_361.rou.alt_073.rou.alt.gz
>>> Begin time: 2025-01-26 21:48:13.190634
>>> End time: 2025-01-26 21:48:13.878358
>>> Duration: 0:00:00.687724
<<
>> Running simulation
>>> Begin time: 2025-01-26 21:48:13.878358
>>> End time: 2025-01-26 21:48:34.598202
>>> Duration: 0:00:20.719844
<<
< Step 74 ended (duration: 0:00:21.407568)
------------------

> Executing step 75
>> Running router on 074/demo_361.rou.alt_074.rou.alt.gz
>>> Begin time: 2025-01-26 21:48:34.611105
>>> End time: 2025-01-26 21:48:35.336575
>>> Duration: 0:00:00.725470
<<
>> Running simulation
>>> Begin time: 2025-01-26 21:48:35.336575
>>> End time: 2025-01-26 21:48:53.938053
>>> Duration: 0:00:18.601478
<<
< Step 75 ended (duration: 0:00:19.328276)
------------------

> Executing step 76
>> Running router on 075/demo_361.rou.alt_075.rou.alt.gz
>>> Begin time: 2025-01-26 21:48:53.943689
>>> End time: 2025-01-26 21:48:54.708421
>>> Duration: 0:00:00.764732
<<
>> Running simulation
>>> Begin time: 2025-01-26 21:48:54.708421
>>> End time: 2025-01-26 21:49:15.272493
>>> Duration: 0:00:20.564072
<<
< Step 76 ended (duration: 0:00:21.328804)
------------------

> Executing step 77
>> Running router on 076/demo_361.rou.alt_076.rou.alt.gz
>>> Begin time: 2025-01-26 21:49:15.287916
>>> End time: 2025-01-26 21:49:16.128175
>>> Duration: 0:00:00.840259
<<
>> Running simulation
>>> Begin time: 2025-01-26 21:49:16.128175
>>> End time: 2025-01-26 21:49:35.778103
>>> Duration: 0:00:19.649928
<<
< Step 77 ended (duration: 0:00:20.491736)
------------------

> Executing step 78
>> Running router on 077/demo_361.rou.alt_077.rou.alt.gz
>>> Begin time: 2025-01-26 21:49:35.787981
>>> End time: 2025-01-26 21:49:36.591551
>>> Duration: 0:00:00.803570
<<
>> Running simulation
>>> Begin time: 2025-01-26 21:49:36.591551
>>> End time: 2025-01-26 21:49:53.659888
>>> Duration: 0:00:17.068337
<<
< Step 78 ended (duration: 0:00:17.871907)
------------------

> Executing step 79
>> Running router on 078/demo_361.rou.alt_078.rou.alt.gz
>>> Begin time: 2025-01-26 21:49:53.662082
>>> End time: 2025-01-26 21:49:54.298317
>>> Duration: 0:00:00.636235
<<
>> Running simulation
>>> Begin time: 2025-01-26 21:49:54.298317
>>> End time: 2025-01-26 21:50:13.148136
>>> Duration: 0:00:18.849819
<<
< Step 79 ended (duration: 0:00:19.493947)
------------------

> Executing step 80
>> Running router on 079/demo_361.rou.alt_079.rou.alt.gz
>>> Begin time: 2025-01-26 21:50:13.177679
>>> End time: 2025-01-26 21:50:13.926279
>>> Duration: 0:00:00.748600
<<
>> Running simulation
>>> Begin time: 2025-01-26 21:50:13.926279
>>> End time: 2025-01-26 21:50:33.331896
>>> Duration: 0:00:19.405617
<<
< Step 80 ended (duration: 0:00:20.154217)
------------------

> Executing step 81
>> Running router on 080/demo_361.rou.alt_080.rou.alt.gz
>>> Begin time: 2025-01-26 21:50:33.341453
>>> End time: 2025-01-26 21:50:34.174221
>>> Duration: 0:00:00.832768
<<
>> Running simulation
>>> Begin time: 2025-01-26 21:50:34.174221
>>> End time: 2025-01-26 21:50:53.191909
>>> Duration: 0:00:19.017688
<<
< Step 81 ended (duration: 0:00:19.850456)
------------------

> Executing step 82
>> Running router on 081/demo_361.rou.alt_081.rou.alt.gz
>>> Begin time: 2025-01-26 21:50:53.194910
>>> End time: 2025-01-26 21:50:53.775908
>>> Duration: 0:00:00.580998
<<
>> Running simulation
>>> Begin time: 2025-01-26 21:50:53.776910
>>> End time: 2025-01-26 21:51:09.817580
>>> Duration: 0:00:16.040670
<<
< Step 82 ended (duration: 0:00:16.622670)
------------------

> Executing step 83
>> Running router on 082/demo_361.rou.alt_082.rou.alt.gz
>>> Begin time: 2025-01-26 21:51:09.829226
>>> End time: 2025-01-26 21:51:10.495817
>>> Duration: 0:00:00.666591
<<
>> Running simulation
>>> Begin time: 2025-01-26 21:51:10.497829
>>> End time: 2025-01-26 21:51:29.361249
>>> Duration: 0:00:18.863420
<<
< Step 83 ended (duration: 0:00:19.532981)
------------------

> Executing step 84
>> Running router on 083/demo_361.rou.alt_083.rou.alt.gz
>>> Begin time: 2025-01-26 21:51:29.365210
>>> End time: 2025-01-26 21:51:30.067581
>>> Duration: 0:00:00.702371
<<
>> Running simulation
>>> Begin time: 2025-01-26 21:51:30.067581
>>> End time: 2025-01-26 21:51:43.982356
>>> Duration: 0:00:13.914775
<<
< Step 84 ended (duration: 0:00:14.618145)
------------------

> Executing step 85
>> Running router on 084/demo_361.rou.alt_084.rou.alt.gz
>>> Begin time: 2025-01-26 21:51:43.987358
>>> End time: 2025-01-26 21:51:44.765524
>>> Duration: 0:00:00.778166
<<
>> Running simulation
>>> Begin time: 2025-01-26 21:51:44.765524
>>> End time: 2025-01-26 21:52:00.830977
>>> Duration: 0:00:16.065453
<<
< Step 85 ended (duration: 0:00:16.843619)
------------------

> Executing step 86
>> Running router on 085/demo_361.rou.alt_085.rou.alt.gz
>>> Begin time: 2025-01-26 21:52:00.842498
>>> End time: 2025-01-26 21:52:01.507282
>>> Duration: 0:00:00.664784
<<
>> Running simulation
>>> Begin time: 2025-01-26 21:52:01.517444
>>> End time: 2025-01-26 21:52:15.857242
>>> Duration: 0:00:14.339798
<<
< Step 86 ended (duration: 0:00:15.014744)
------------------

> Executing step 87
>> Running router on 086/demo_361.rou.alt_086.rou.alt.gz
>>> Begin time: 2025-01-26 21:52:15.867325
>>> End time: 2025-01-26 21:52:16.460742
>>> Duration: 0:00:00.593417
<<
>> Running simulation
>>> Begin time: 2025-01-26 21:52:16.460742
>>> End time: 2025-01-26 21:52:30.497589
>>> Duration: 0:00:14.036847
<<
< Step 87 ended (duration: 0:00:14.630264)
------------------

> Executing step 88
>> Running router on 087/demo_361.rou.alt_087.rou.alt.gz
>>> Begin time: 2025-01-26 21:52:30.500529
>>> End time: 2025-01-26 21:52:31.057514
>>> Duration: 0:00:00.556985
<<
>> Running simulation
>>> Begin time: 2025-01-26 21:52:31.057514
>>> End time: 2025-01-26 21:52:45.227143
>>> Duration: 0:00:14.169629
<<
< Step 88 ended (duration: 0:00:14.726614)
------------------

> Executing step 89
>> Running router on 088/demo_361.rou.alt_088.rou.alt.gz
>>> Begin time: 2025-01-26 21:52:45.237338
>>> End time: 2025-01-26 21:52:45.769381
>>> Duration: 0:00:00.532043
<<
>> Running simulation
>>> Begin time: 2025-01-26 21:52:45.771388
>>> End time: 2025-01-26 21:52:59.667238
>>> Duration: 0:00:13.895850
<<
< Step 89 ended (duration: 0:00:14.430405)
------------------

> Executing step 90
>> Running router on 089/demo_361.rou.alt_089.rou.alt.gz
>>> Begin time: 2025-01-26 21:52:59.673534
>>> End time: 2025-01-26 21:53:00.251582
>>> Duration: 0:00:00.578048
<<
>> Running simulation
>>> Begin time: 2025-01-26 21:53:00.251582
>>> End time: 2025-01-26 21:53:15.261498
>>> Duration: 0:00:15.009916
<<
< Step 90 ended (duration: 0:00:15.588741)
------------------

> Executing step 91
>> Running router on 090/demo_361.rou.alt_090.rou.alt.gz
>>> Begin time: 2025-01-26 21:53:15.271125
>>> End time: 2025-01-26 21:53:15.817457
>>> Duration: 0:00:00.546332
<<
>> Running simulation
>>> Begin time: 2025-01-26 21:53:15.817457
>>> End time: 2025-01-26 21:53:34.607064
>>> Duration: 0:00:18.789607
<<
< Step 91 ended (duration: 0:00:19.335939)
------------------

> Executing step 92
>> Running router on 091/demo_361.rou.alt_091.rou.alt.gz
>>> Begin time: 2025-01-26 21:53:34.617139
>>> End time: 2025-01-26 21:53:35.217067
>>> Duration: 0:00:00.599928
<<
>> Running simulation
>>> Begin time: 2025-01-26 21:53:35.227095
>>> End time: 2025-01-26 21:53:54.376991
>>> Duration: 0:00:19.149896
<<
< Step 92 ended (duration: 0:00:19.759852)
------------------

> Executing step 93
>> Running router on 092/demo_361.rou.alt_092.rou.alt.gz
>>> Begin time: 2025-01-26 21:53:54.387163
>>> End time: 2025-01-26 21:53:54.967232
>>> Duration: 0:00:00.580069
<<
>> Running simulation
>>> Begin time: 2025-01-26 21:53:54.967232
>>> End time: 2025-01-26 21:54:10.335854
>>> Duration: 0:00:15.368622
<<
< Step 93 ended (duration: 0:00:15.949693)
------------------

> Executing step 94
>> Running router on 093/demo_361.rou.alt_093.rou.alt.gz
>>> Begin time: 2025-01-26 21:54:10.340375
>>> End time: 2025-01-26 21:54:10.896821
>>> Duration: 0:00:00.556446
<<
>> Running simulation
>>> Begin time: 2025-01-26 21:54:10.896821
>>> End time: 2025-01-26 21:54:27.344407
>>> Duration: 0:00:16.447586
<<
< Step 94 ended (duration: 0:00:17.007041)
------------------

> Executing step 95
>> Running router on 094/demo_361.rou.alt_094.rou.alt.gz
>>> Begin time: 2025-01-26 21:54:27.348951
>>> End time: 2025-01-26 21:54:27.946974
>>> Duration: 0:00:00.598023
<<
>> Running simulation
>>> Begin time: 2025-01-26 21:54:27.947986
>>> End time: 2025-01-26 21:54:41.828873
>>> Duration: 0:00:13.880887
<<
< Step 95 ended (duration: 0:00:14.479922)
------------------

> Executing step 96
>> Running router on 095/demo_361.rou.alt_095.rou.alt.gz
>>> Begin time: 2025-01-26 21:54:41.836839
>>> End time: 2025-01-26 21:54:42.397039
>>> Duration: 0:00:00.560200
<<
>> Running simulation
>>> Begin time: 2025-01-26 21:54:42.398001
>>> End time: 2025-01-26 21:54:56.045362
>>> Duration: 0:00:13.647361
<<
< Step 96 ended (duration: 0:00:14.208523)
------------------

> Executing step 97
>> Running router on 096/demo_361.rou.alt_096.rou.alt.gz
>>> Begin time: 2025-01-26 21:54:56.045362
>>> End time: 2025-01-26 21:54:56.601614
>>> Duration: 0:00:00.556252
<<
>> Running simulation
>>> Begin time: 2025-01-26 21:54:56.601614
>>> End time: 2025-01-26 21:55:10.616006
>>> Duration: 0:00:14.014392
<<
< Step 97 ended (duration: 0:00:14.570644)
------------------

> Executing step 98
>> Running router on 097/demo_361.rou.alt_097.rou.alt.gz
>>> Begin time: 2025-01-26 21:55:10.631900
>>> End time: 2025-01-26 21:55:11.234731
>>> Duration: 0:00:00.602831
<<
>> Running simulation
>>> Begin time: 2025-01-26 21:55:11.234731
>>> End time: 2025-01-26 21:55:25.181192
>>> Duration: 0:00:13.946461
<<
< Step 98 ended (duration: 0:00:14.549292)
------------------

> Executing step 99
>> Running router on 098/demo_361.rou.alt_098.rou.alt.gz
>>> Begin time: 2025-01-26 21:55:25.197324
>>> End time: 2025-01-26 21:55:25.765389
>>> Duration: 0:00:00.568065
<<
>> Running simulation
>>> Begin time: 2025-01-26 21:55:25.765389
>>> End time: 2025-01-26 21:55:38.891765
>>> Duration: 0:00:13.126376
<<
< Step 99 ended (duration: 0:00:13.695455)
------------------

> Executing step 100
>> Running router on 099/demo_361.rou.alt_099.rou.alt.gz
>>> Begin time: 2025-01-26 21:55:38.895817
>>> End time: 2025-01-26 21:55:39.531813
>>> Duration: 0:00:00.635996
<<
>> Running simulation
>>> Begin time: 2025-01-26 21:55:39.531813
>>> End time: 2025-01-26 21:55:55.226607
>>> Duration: 0:00:15.694794
<<
< Step 100 ended (duration: 0:00:16.330790)
------------------

> Executing step 101
>> Running router on 100/demo_361.rou.alt_100.rou.alt.gz
>>> Begin time: 2025-01-26 21:55:55.237057
>>> End time: 2025-01-26 21:55:55.760187
>>> Duration: 0:00:00.523130
<<
>> Running simulation
>>> Begin time: 2025-01-26 21:55:55.760187
>>> End time: 2025-01-26 21:56:08.161969
>>> Duration: 0:00:12.401782
<<
< Step 101 ended (duration: 0:00:12.927878)
------------------

> Executing step 102
>> Running router on 101/demo_361.rou.alt_101.rou.alt.gz
>>> Begin time: 2025-01-26 21:56:08.165962
>>> End time: 2025-01-26 21:56:08.687740
>>> Duration: 0:00:00.521778
<<
>> Running simulation
>>> Begin time: 2025-01-26 21:56:08.687740
>>> End time: 2025-01-26 21:56:33.145371
>>> Duration: 0:00:24.457631
<<
< Step 102 ended (duration: 0:00:24.980398)
------------------

> Executing step 103
>> Running router on 102/demo_361.rou.alt_102.rou.alt.gz
>>> Begin time: 2025-01-26 21:56:33.161273
>>> End time: 2025-01-26 21:56:33.710477
>>> Duration: 0:00:00.549204
<<
>> Running simulation
>>> Begin time: 2025-01-26 21:56:33.710477
>>> End time: 2025-01-26 21:56:47.651970
>>> Duration: 0:00:13.941493
<<
< Step 103 ended (duration: 0:00:14.491752)
------------------

> Executing step 104
>> Running router on 103/demo_361.rou.alt_103.rou.alt.gz
>>> Begin time: 2025-01-26 21:56:47.662644
>>> End time: 2025-01-26 21:56:48.246172
>>> Duration: 0:00:00.583528
<<
>> Running simulation
>>> Begin time: 2025-01-26 21:56:48.246172
>>> End time: 2025-01-26 21:57:01.416742
>>> Duration: 0:00:13.170570
<<
< Step 104 ended (duration: 0:00:13.754098)
------------------

> Executing step 105
>> Running router on 104/demo_361.rou.alt_104.rou.alt.gz
>>> Begin time: 2025-01-26 21:57:01.421212
>>> End time: 2025-01-26 21:57:01.966818
>>> Duration: 0:00:00.545606
<<
>> Running simulation
>>> Begin time: 2025-01-26 21:57:01.966818
>>> End time: 2025-01-26 21:57:16.310007
>>> Duration: 0:00:14.343189
<<
< Step 105 ended (duration: 0:00:14.889796)
------------------

> Executing step 106
>> Running router on 105/demo_361.rou.alt_105.rou.alt.gz
>>> Begin time: 2025-01-26 21:57:16.316436
>>> End time: 2025-01-26 21:57:16.858766
>>> Duration: 0:00:00.542330
<<
>> Running simulation
>>> Begin time: 2025-01-26 21:57:16.858766
>>> End time: 2025-01-26 21:57:31.928836
>>> Duration: 0:00:15.070070
<<
< Step 106 ended (duration: 0:00:15.613397)
------------------

> Executing step 107
>> Running router on 106/demo_361.rou.alt_106.rou.alt.gz
>>> Begin time: 2025-01-26 21:57:31.932840
>>> End time: 2025-01-26 21:57:32.512570
>>> Duration: 0:00:00.579730
<<
>> Running simulation
>>> Begin time: 2025-01-26 21:57:32.512570
>>> End time: 2025-01-26 21:57:49.651970
>>> Duration: 0:00:17.139400
<<
< Step 107 ended (duration: 0:00:17.720102)
------------------

> Executing step 108
>> Running router on 107/demo_361.rou.alt_107.rou.alt.gz
>>> Begin time: 2025-01-26 21:57:49.659646
>>> End time: 2025-01-26 21:57:50.241561
>>> Duration: 0:00:00.581915
<<
>> Running simulation
>>> Begin time: 2025-01-26 21:57:50.242507
>>> End time: 2025-01-26 21:58:06.370465
>>> Duration: 0:00:16.127958
<<
< Step 108 ended (duration: 0:00:16.710819)
------------------

> Executing step 109
>> Running router on 108/demo_361.rou.alt_108.rou.alt.gz
>>> Begin time: 2025-01-26 21:58:06.370465
>>> End time: 2025-01-26 21:58:07.022538
>>> Duration: 0:00:00.652073
<<
>> Running simulation
>>> Begin time: 2025-01-26 21:58:07.022538
>>> End time: 2025-01-26 21:58:27.259010
>>> Duration: 0:00:20.236472
<<
< Step 109 ended (duration: 0:00:20.888545)
------------------

> Executing step 110
>> Running router on 109/demo_361.rou.alt_109.rou.alt.gz
>>> Begin time: 2025-01-26 21:58:27.275540
>>> End time: 2025-01-26 21:58:27.833743
>>> Duration: 0:00:00.558203
<<
>> Running simulation
>>> Begin time: 2025-01-26 21:58:27.834700
>>> End time: 2025-01-26 21:58:48.044237
>>> Duration: 0:00:20.209537
<<
< Step 110 ended (duration: 0:00:20.770257)
------------------

> Executing step 111
>> Running router on 110/demo_361.rou.alt_110.rou.alt.gz
>>> Begin time: 2025-01-26 21:58:48.049198
>>> End time: 2025-01-26 21:58:48.621609
>>> Duration: 0:00:00.572411
<<
>> Running simulation
>>> Begin time: 2025-01-26 21:58:48.621609
>>> End time: 2025-01-26 21:59:06.654409
>>> Duration: 0:00:18.032800
<<
< Step 111 ended (duration: 0:00:18.605211)
------------------

> Executing step 112
>> Running router on 111/demo_361.rou.alt_111.rou.alt.gz
>>> Begin time: 2025-01-26 21:59:06.668611
>>> End time: 2025-01-26 21:59:07.225242
>>> Duration: 0:00:00.556631
<<
>> Running simulation
>>> Begin time: 2025-01-26 21:59:07.226240
>>> End time: 2025-01-26 21:59:24.530516
>>> Duration: 0:00:17.304276
<<
< Step 112 ended (duration: 0:00:17.861905)
------------------

> Executing step 113
>> Running router on 112/demo_361.rou.alt_112.rou.alt.gz
>>> Begin time: 2025-01-26 21:59:24.546375
>>> End time: 2025-01-26 21:59:25.083405
>>> Duration: 0:00:00.537030
<<
>> Running simulation
>>> Begin time: 2025-01-26 21:59:25.083405
>>> End time: 2025-01-26 21:59:41.016054
>>> Duration: 0:00:15.932649
<<
< Step 113 ended (duration: 0:00:16.469679)
------------------

> Executing step 114
>> Running router on 113/demo_361.rou.alt_113.rou.alt.gz
>>> Begin time: 2025-01-26 21:59:41.031813
>>> End time: 2025-01-26 21:59:41.651725
>>> Duration: 0:00:00.619912
<<
>> Running simulation
>>> Begin time: 2025-01-26 21:59:41.651725
>>> End time: 2025-01-26 21:59:59.251094
>>> Duration: 0:00:17.599369
<<
< Step 114 ended (duration: 0:00:18.220273)
------------------

> Executing step 115
>> Running router on 114/demo_361.rou.alt_114.rou.alt.gz
>>> Begin time: 2025-01-26 21:59:59.256747
>>> End time: 2025-01-26 21:59:59.901211
>>> Duration: 0:00:00.644464
<<
>> Running simulation
>>> Begin time: 2025-01-26 21:59:59.902215
>>> End time: 2025-01-26 22:00:14.943675
>>> Duration: 0:00:15.041460
<<
< Step 115 ended (duration: 0:00:15.688571)
------------------

> Executing step 116
>> Running router on 115/demo_361.rou.alt_115.rou.alt.gz
>>> Begin time: 2025-01-26 22:00:14.959515
>>> End time: 2025-01-26 22:00:15.512114
>>> Duration: 0:00:00.552599
<<
>> Running simulation
>>> Begin time: 2025-01-26 22:00:15.512114
>>> End time: 2025-01-26 22:00:31.682714
>>> Duration: 0:00:16.170600
<<
< Step 116 ended (duration: 0:00:16.723199)
------------------

> Executing step 117
>> Running router on 116/demo_361.rou.alt_116.rou.alt.gz
>>> Begin time: 2025-01-26 22:00:31.698630
>>> End time: 2025-01-26 22:00:32.234634
>>> Duration: 0:00:00.536004
<<
>> Running simulation
>>> Begin time: 2025-01-26 22:00:32.234634
>>> End time: 2025-01-26 22:00:47.730906
>>> Duration: 0:00:15.496272
<<
< Step 117 ended (duration: 0:00:16.032276)
------------------

> Executing step 118
>> Running router on 117/demo_361.rou.alt_117.rou.alt.gz
>>> Begin time: 2025-01-26 22:00:47.766611
>>> End time: 2025-01-26 22:00:48.340587
>>> Duration: 0:00:00.573976
<<
>> Running simulation
>>> Begin time: 2025-01-26 22:00:48.340587
>>> End time: 2025-01-26 22:01:02.836635
>>> Duration: 0:00:14.496048
<<
< Step 118 ended (duration: 0:00:15.071019)
------------------

> Executing step 119
>> Running router on 118/demo_361.rou.alt_118.rou.alt.gz
>>> Begin time: 2025-01-26 22:01:02.836635
>>> End time: 2025-01-26 22:01:03.352178
>>> Duration: 0:00:00.515543
<<
>> Running simulation
>>> Begin time: 2025-01-26 22:01:03.352178
>>> End time: 2025-01-26 22:01:16.891844
>>> Duration: 0:00:13.539666
<<
< Step 119 ended (duration: 0:00:14.055209)
------------------

> Executing step 120
>> Running router on 119/demo_361.rou.alt_119.rou.alt.gz
>>> Begin time: 2025-01-26 22:01:16.907721
>>> End time: 2025-01-26 22:01:17.426362
>>> Duration: 0:00:00.518641
<<
>> Running simulation
>>> Begin time: 2025-01-26 22:01:17.426362
>>> End time: 2025-01-26 22:01:29.933786
>>> Duration: 0:00:12.507424
<<
< Step 120 ended (duration: 0:00:13.041942)
------------------

> Executing step 121
>> Running router on 120/demo_361.rou.alt_120.rou.alt.gz
>>> Begin time: 2025-01-26 22:01:30.010534
>>> End time: 2025-01-26 22:01:30.522729
>>> Duration: 0:00:00.512195
<<
>> Running simulation
>>> Begin time: 2025-01-26 22:01:30.522729
>>> End time: 2025-01-26 22:01:44.433593
>>> Duration: 0:00:13.910864
<<
< Step 121 ended (duration: 0:00:14.425064)
------------------

> Executing step 122
>> Running router on 121/demo_361.rou.alt_121.rou.alt.gz
>>> Begin time: 2025-01-26 22:01:44.449614
>>> End time: 2025-01-26 22:01:44.977439
>>> Duration: 0:00:00.527825
<<
>> Running simulation
>>> Begin time: 2025-01-26 22:01:44.977439
>>> End time: 2025-01-26 22:01:57.322973
>>> Duration: 0:00:12.345534
<<
< Step 122 ended (duration: 0:00:12.873359)
------------------

> Executing step 123
>> Running router on 122/demo_361.rou.alt_122.rou.alt.gz
>>> Begin time: 2025-01-26 22:01:57.322973
>>> End time: 2025-01-26 22:01:57.857430
>>> Duration: 0:00:00.534457
<<
>> Running simulation
>>> Begin time: 2025-01-26 22:01:57.857430
>>> End time: 2025-01-26 22:02:10.507518
>>> Duration: 0:00:12.650088
<<
< Step 123 ended (duration: 0:00:13.184545)
------------------

> Executing step 124
>> Running router on 123/demo_361.rou.alt_123.rou.alt.gz
>>> Begin time: 2025-01-26 22:02:10.513515
>>> End time: 2025-01-26 22:02:11.048044
>>> Duration: 0:00:00.534529
<<
>> Running simulation
>>> Begin time: 2025-01-26 22:02:11.048044
>>> End time: 2025-01-26 22:02:25.657498
>>> Duration: 0:00:14.609454
<<
< Step 124 ended (duration: 0:00:15.143983)
------------------

> Executing step 125
>> Running router on 124/demo_361.rou.alt_124.rou.alt.gz
>>> Begin time: 2025-01-26 22:02:25.673216
>>> End time: 2025-01-26 22:02:26.226433
>>> Duration: 0:00:00.553217
<<
>> Running simulation
>>> Begin time: 2025-01-26 22:02:26.226433
>>> End time: 2025-01-26 22:02:41.225743
>>> Duration: 0:00:14.999310
<<
< Step 125 ended (duration: 0:00:15.552527)
------------------

> Executing step 126
>> Running router on 125/demo_361.rou.alt_125.rou.alt.gz
>>> Begin time: 2025-01-26 22:02:41.229755
>>> End time: 2025-01-26 22:02:41.843022
>>> Duration: 0:00:00.613267
<<
>> Running simulation
>>> Begin time: 2025-01-26 22:02:41.843022
>>> End time: 2025-01-26 22:02:56.857478
>>> Duration: 0:00:15.014456
<<
< Step 126 ended (duration: 0:00:15.627723)
------------------

> Executing step 127
>> Running router on 126/demo_361.rou.alt_126.rou.alt.gz
>>> Begin time: 2025-01-26 22:02:56.857478
>>> End time: 2025-01-26 22:02:57.374627
>>> Duration: 0:00:00.517149
<<
>> Running simulation
>>> Begin time: 2025-01-26 22:02:57.374627
>>> End time: 2025-01-26 22:03:10.917545
>>> Duration: 0:00:13.542918
<<
< Step 127 ended (duration: 0:00:14.060067)
------------------

> Executing step 128
>> Running router on 127/demo_361.rou.alt_127.rou.alt.gz
>>> Begin time: 2025-01-26 22:03:10.933298
>>> End time: 2025-01-26 22:03:11.490290
>>> Duration: 0:00:00.556992
<<
>> Running simulation
>>> Begin time: 2025-01-26 22:03:11.490290
>>> End time: 2025-01-26 22:03:25.851060
>>> Duration: 0:00:14.360770
<<
< Step 128 ended (duration: 0:00:14.917762)
------------------

> Executing step 129
>> Running router on 128/demo_361.rou.alt_128.rou.alt.gz
>>> Begin time: 2025-01-26 22:03:25.858826
>>> End time: 2025-01-26 22:03:26.422117
>>> Duration: 0:00:00.563291
<<
>> Running simulation
>>> Begin time: 2025-01-26 22:03:26.422117
>>> End time: 2025-01-26 22:03:40.605093
>>> Duration: 0:00:14.182976
<<
< Step 129 ended (duration: 0:00:14.746267)
------------------

> Executing step 130
>> Running router on 129/demo_361.rou.alt_129.rou.alt.gz
>>> Begin time: 2025-01-26 22:03:40.619118
>>> End time: 2025-01-26 22:03:41.188658
>>> Duration: 0:00:00.569540
<<
>> Running simulation
>>> Begin time: 2025-01-26 22:03:41.188658
>>> End time: 2025-01-26 22:03:56.720784
>>> Duration: 0:00:15.532126
<<
< Step 130 ended (duration: 0:00:16.113296)
------------------

> Executing step 131
>> Running router on 130/demo_361.rou.alt_130.rou.alt.gz
>>> Begin time: 2025-01-26 22:03:56.736430
>>> End time: 2025-01-26 22:03:57.263712
>>> Duration: 0:00:00.527282
<<
>> Running simulation
>>> Begin time: 2025-01-26 22:03:57.263712
>>> End time: 2025-01-26 22:04:13.719168
>>> Duration: 0:00:16.455456
<<
< Step 131 ended (duration: 0:00:16.982738)
------------------

> Executing step 132
>> Running router on 131/demo_361.rou.alt_131.rou.alt.gz
>>> Begin time: 2025-01-26 22:04:13.722761
>>> End time: 2025-01-26 22:04:14.358360
>>> Duration: 0:00:00.635599
<<
>> Running simulation
>>> Begin time: 2025-01-26 22:04:14.358360
>>> End time: 2025-01-26 22:04:28.672218
>>> Duration: 0:00:14.313858
<<
< Step 132 ended (duration: 0:00:14.950056)
------------------

> Executing step 133
>> Running router on 132/demo_361.rou.alt_132.rou.alt.gz
>>> Begin time: 2025-01-26 22:04:28.687302
>>> End time: 2025-01-26 22:04:29.330283
>>> Duration: 0:00:00.642981
<<
>> Running simulation
>>> Begin time: 2025-01-26 22:04:29.330283
>>> End time: 2025-01-26 22:04:47.487749
>>> Duration: 0:00:18.157466
<<
< Step 133 ended (duration: 0:00:18.801218)
------------------

> Executing step 134
>> Running router on 133/demo_361.rou.alt_133.rou.alt.gz
>>> Begin time: 2025-01-26 22:04:47.487749
>>> End time: 2025-01-26 22:04:48.167586
>>> Duration: 0:00:00.679837
<<
>> Running simulation
>>> Begin time: 2025-01-26 22:04:48.167586
>>> End time: 2025-01-26 22:05:04.235890
>>> Duration: 0:00:16.068304
<<
< Step 134 ended (duration: 0:00:16.748141)
------------------

> Executing step 135
>> Running router on 134/demo_361.rou.alt_134.rou.alt.gz
>>> Begin time: 2025-01-26 22:05:04.251524
>>> End time: 2025-01-26 22:05:04.816187
>>> Duration: 0:00:00.564663
<<
>> Running simulation
>>> Begin time: 2025-01-26 22:05:04.816187
>>> End time: 2025-01-26 22:05:19.579007
>>> Duration: 0:00:14.762820
<<
< Step 135 ended (duration: 0:00:15.327483)
------------------

> Executing step 136
>> Running router on 135/demo_361.rou.alt_135.rou.alt.gz
>>> Begin time: 2025-01-26 22:05:19.595389
>>> End time: 2025-01-26 22:05:20.176651
>>> Duration: 0:00:00.581262
<<
>> Running simulation
>>> Begin time: 2025-01-26 22:05:20.176651
>>> End time: 2025-01-26 22:05:34.545265
>>> Duration: 0:00:14.368614
<<
< Step 136 ended (duration: 0:00:14.949876)
------------------

> Executing step 137
>> Running router on 136/demo_361.rou.alt_136.rou.alt.gz
>>> Begin time: 2025-01-26 22:05:34.553260
>>> End time: 2025-01-26 22:05:35.177881
>>> Duration: 0:00:00.624621
<<
>> Running simulation
>>> Begin time: 2025-01-26 22:05:35.177881
>>> End time: 2025-01-26 22:05:48.789016
>>> Duration: 0:00:13.611135
<<
< Step 137 ended (duration: 0:00:14.235756)
------------------

> Executing step 138
>> Running router on 137/demo_361.rou.alt_137.rou.alt.gz
>>> Begin time: 2025-01-26 22:05:48.807296
>>> End time: 2025-01-26 22:05:49.377496
>>> Duration: 0:00:00.570200
<<
>> Running simulation
>>> Begin time: 2025-01-26 22:05:49.378458
>>> End time: 2025-01-26 22:06:02.454946
>>> Duration: 0:00:13.076488
<<
< Step 138 ended (duration: 0:00:13.647650)
------------------

> Executing step 139
>> Running router on 138/demo_361.rou.alt_138.rou.alt.gz
>>> Begin time: 2025-01-26 22:06:02.471023
>>> End time: 2025-01-26 22:06:03.009815
>>> Duration: 0:00:00.538792
<<
>> Running simulation
>>> Begin time: 2025-01-26 22:06:03.009815
>>> End time: 2025-01-26 22:06:18.450675
>>> Duration: 0:00:15.440860
<<
< Step 139 ended (duration: 0:00:15.979652)
------------------

> Executing step 140
>> Running router on 139/demo_361.rou.alt_139.rou.alt.gz
>>> Begin time: 2025-01-26 22:06:18.455347
>>> End time: 2025-01-26 22:06:19.067209
>>> Duration: 0:00:00.611862
<<
>> Running simulation
>>> Begin time: 2025-01-26 22:06:19.067209
>>> End time: 2025-01-26 22:06:33.701087
>>> Duration: 0:00:14.633878
<<
< Step 140 ended (duration: 0:00:15.245740)
------------------

> Executing step 141
>> Running router on 140/demo_361.rou.alt_140.rou.alt.gz
>>> Begin time: 2025-01-26 22:06:33.710230
>>> End time: 2025-01-26 22:06:34.247730
>>> Duration: 0:00:00.537500
<<
>> Running simulation
>>> Begin time: 2025-01-26 22:06:34.247730
>>> End time: 2025-01-26 22:06:48.842642
>>> Duration: 0:00:14.594912
<<
< Step 141 ended (duration: 0:00:15.132412)
------------------

> Executing step 142
>> Running router on 141/demo_361.rou.alt_141.rou.alt.gz
>>> Begin time: 2025-01-26 22:06:48.858381
>>> End time: 2025-01-26 22:06:49.407505
>>> Duration: 0:00:00.549124
<<
>> Running simulation
>>> Begin time: 2025-01-26 22:06:49.407505
>>> End time: 2025-01-26 22:07:02.473806
>>> Duration: 0:00:13.066301
<<
< Step 142 ended (duration: 0:00:13.631164)
------------------

> Executing step 143
>> Running router on 142/demo_361.rou.alt_142.rou.alt.gz
>>> Begin time: 2025-01-26 22:07:02.490116
>>> End time: 2025-01-26 22:07:03.065254
>>> Duration: 0:00:00.575138
<<
>> Running simulation
>>> Begin time: 2025-01-26 22:07:03.065254
>>> End time: 2025-01-26 22:07:17.287501
>>> Duration: 0:00:14.222247
<<
< Step 143 ended (duration: 0:00:14.797385)
------------------

> Executing step 144
>> Running router on 143/demo_361.rou.alt_143.rou.alt.gz
>>> Begin time: 2025-01-26 22:07:17.303804
>>> End time: 2025-01-26 22:07:17.878611
>>> Duration: 0:00:00.574807
<<
>> Running simulation
>>> Begin time: 2025-01-26 22:07:17.879612
>>> End time: 2025-01-26 22:07:33.305782
>>> Duration: 0:00:15.426170
<<
< Step 144 ended (duration: 0:00:16.001978)
------------------

> Executing step 145
>> Running router on 144/demo_361.rou.alt_144.rou.alt.gz
>>> Begin time: 2025-01-26 22:07:33.314169
>>> End time: 2025-01-26 22:07:34.012315
>>> Duration: 0:00:00.698146
<<
>> Running simulation
>>> Begin time: 2025-01-26 22:07:34.012315
>>> End time: 2025-01-26 22:07:48.539372
>>> Duration: 0:00:14.527057
<<
< Step 145 ended (duration: 0:00:15.225203)
------------------

> Executing step 146
>> Running router on 145/demo_361.rou.alt_145.rou.alt.gz
>>> Begin time: 2025-01-26 22:07:48.543375
>>> End time: 2025-01-26 22:07:49.108338
>>> Duration: 0:00:00.564963
<<
>> Running simulation
>>> Begin time: 2025-01-26 22:07:49.109336
>>> End time: 2025-01-26 22:08:04.537064
>>> Duration: 0:00:15.427728
<<
< Step 146 ended (duration: 0:00:15.993689)
------------------

> Executing step 147
>> Running router on 146/demo_361.rou.alt_146.rou.alt.gz
>>> Begin time: 2025-01-26 22:08:04.537064
>>> End time: 2025-01-26 22:08:05.111234
>>> Duration: 0:00:00.574170
<<
>> Running simulation
>>> Begin time: 2025-01-26 22:08:05.111234
>>> End time: 2025-01-26 22:08:19.078510
>>> Duration: 0:00:13.967276
<<
< Step 147 ended (duration: 0:00:14.541446)
------------------

> Executing step 148
>> Running router on 147/demo_361.rou.alt_147.rou.alt.gz
>>> Begin time: 2025-01-26 22:08:19.090546
>>> End time: 2025-01-26 22:08:19.644048
>>> Duration: 0:00:00.553502
<<
>> Running simulation
>>> Begin time: 2025-01-26 22:08:19.644048
>>> End time: 2025-01-26 22:08:36.493547
>>> Duration: 0:00:16.849499
<<
< Step 148 ended (duration: 0:00:17.403001)
------------------

> Executing step 149
>> Running router on 148/demo_361.rou.alt_148.rou.alt.gz
>>> Begin time: 2025-01-26 22:08:36.507739
>>> End time: 2025-01-26 22:08:37.095147
>>> Duration: 0:00:00.587408
<<
>> Running simulation
>>> Begin time: 2025-01-26 22:08:37.095147
>>> End time: 2025-01-26 22:08:52.678054
>>> Duration: 0:00:15.582907
<<
< Step 149 ended (duration: 0:00:16.171264)
------------------

> Executing step 150
>> Running router on 149/demo_361.rou.alt_149.rou.alt.gz
>>> Begin time: 2025-01-26 22:08:52.684433
>>> End time: 2025-01-26 22:08:53.252717
>>> Duration: 0:00:00.568284
<<
>> Running simulation
>>> Begin time: 2025-01-26 22:08:53.252717
>>> End time: 2025-01-26 22:09:09.932258
>>> Duration: 0:00:16.679541
<<
< Step 150 ended (duration: 0:00:17.247825)
------------------

> Executing step 151
>> Running router on 150/demo_361.rou.alt_150.rou.alt.gz
>>> Begin time: 2025-01-26 22:09:09.940767
>>> End time: 2025-01-26 22:09:10.513820
>>> Duration: 0:00:00.573053
<<
>> Running simulation
>>> Begin time: 2025-01-26 22:09:10.513820
>>> End time: 2025-01-26 22:09:25.820977
>>> Duration: 0:00:15.307157
<<
< Step 151 ended (duration: 0:00:15.881170)
------------------

> Executing step 152
>> Running router on 151/demo_361.rou.alt_151.rou.alt.gz
>>> Begin time: 2025-01-26 22:09:25.826733
>>> End time: 2025-01-26 22:09:26.410408
>>> Duration: 0:00:00.583675
<<
>> Running simulation
>>> Begin time: 2025-01-26 22:09:26.410408
>>> End time: 2025-01-26 22:09:45.140938
>>> Duration: 0:00:18.730530
<<
< Step 152 ended (duration: 0:00:19.314205)
------------------

> Executing step 153
>> Running router on 152/demo_361.rou.alt_152.rou.alt.gz
>>> Begin time: 2025-01-26 22:09:45.148614
>>> End time: 2025-01-26 22:09:45.766076
>>> Duration: 0:00:00.617462
<<
>> Running simulation
>>> Begin time: 2025-01-26 22:09:45.766076
>>> End time: 2025-01-26 22:10:02.329824
>>> Duration: 0:00:16.563748
<<
< Step 153 ended (duration: 0:00:17.181210)
------------------

> Executing step 154
>> Running router on 153/demo_361.rou.alt_153.rou.alt.gz
>>> Begin time: 2025-01-26 22:10:02.329824
>>> End time: 2025-01-26 22:10:02.920622
>>> Duration: 0:00:00.590798
<<
>> Running simulation
>>> Begin time: 2025-01-26 22:10:02.920622
>>> End time: 2025-01-26 22:10:16.369787
>>> Duration: 0:00:13.449165
<<
< Step 154 ended (duration: 0:00:14.039963)
------------------

> Executing step 155
>> Running router on 154/demo_361.rou.alt_154.rou.alt.gz
>>> Begin time: 2025-01-26 22:10:16.375469
>>> End time: 2025-01-26 22:10:16.908031
>>> Duration: 0:00:00.532562
<<
>> Running simulation
>>> Begin time: 2025-01-26 22:10:16.908031
>>> End time: 2025-01-26 22:10:30.380897
>>> Duration: 0:00:13.472866
<<
< Step 155 ended (duration: 0:00:14.005428)
------------------

> Executing step 156
>> Running router on 155/demo_361.rou.alt_155.rou.alt.gz
>>> Begin time: 2025-01-26 22:10:30.396590
>>> End time: 2025-01-26 22:10:30.931695
>>> Duration: 0:00:00.535105
<<
>> Running simulation
>>> Begin time: 2025-01-26 22:10:30.931695
>>> End time: 2025-01-26 22:10:46.246737
>>> Duration: 0:00:15.315042
<<
< Step 156 ended (duration: 0:00:15.850147)
------------------

> Executing step 157
>> Running router on 156/demo_361.rou.alt_156.rou.alt.gz
>>> Begin time: 2025-01-26 22:10:46.246737
>>> End time: 2025-01-26 22:10:46.921071
>>> Duration: 0:00:00.674334
<<
>> Running simulation
>>> Begin time: 2025-01-26 22:10:46.921071
>>> End time: 2025-01-26 22:11:00.757538
>>> Duration: 0:00:13.836467
<<
< Step 157 ended (duration: 0:00:14.510801)
------------------

> Executing step 158
>> Running router on 157/demo_361.rou.alt_157.rou.alt.gz
>>> Begin time: 2025-01-26 22:11:00.757538
>>> End time: 2025-01-26 22:11:01.274845
>>> Duration: 0:00:00.517307
<<
>> Running simulation
>>> Begin time: 2025-01-26 22:11:01.274845
>>> End time: 2025-01-26 22:11:13.856481
>>> Duration: 0:00:12.581636
<<
< Step 158 ended (duration: 0:00:13.098943)
------------------

> Executing step 159
>> Running router on 158/demo_361.rou.alt_158.rou.alt.gz
>>> Begin time: 2025-01-26 22:11:13.856481
>>> End time: 2025-01-26 22:11:14.441814
>>> Duration: 0:00:00.585333
<<
>> Running simulation
>>> Begin time: 2025-01-26 22:11:14.441814
>>> End time: 2025-01-26 22:11:28.097044
>>> Duration: 0:00:13.655230
<<
< Step 159 ended (duration: 0:00:14.240563)
------------------

> Executing step 160
>> Running router on 159/demo_361.rou.alt_159.rou.alt.gz
>>> Begin time: 2025-01-26 22:11:28.097044
>>> End time: 2025-01-26 22:11:28.641358
>>> Duration: 0:00:00.544314
<<
>> Running simulation
>>> Begin time: 2025-01-26 22:11:28.641358
>>> End time: 2025-01-26 22:11:41.209385
>>> Duration: 0:00:12.568027
<<
< Step 160 ended (duration: 0:00:13.112341)
------------------

> Executing step 161
>> Running router on 160/demo_361.rou.alt_160.rou.alt.gz
>>> Begin time: 2025-01-26 22:11:41.215560
>>> End time: 2025-01-26 22:11:41.758806
>>> Duration: 0:00:00.543246
<<
>> Running simulation
>>> Begin time: 2025-01-26 22:11:41.759807
>>> End time: 2025-01-26 22:11:54.616031
>>> Duration: 0:00:12.856224
<<
< Step 161 ended (duration: 0:00:13.402476)
------------------

> Executing step 162
>> Running router on 161/demo_361.rou.alt_161.rou.alt.gz
>>> Begin time: 2025-01-26 22:11:54.625793
>>> End time: 2025-01-26 22:11:55.180064
>>> Duration: 0:00:00.554271
<<
>> Running simulation
>>> Begin time: 2025-01-26 22:11:55.180064
>>> End time: 2025-01-26 22:12:09.604283
>>> Duration: 0:00:14.424219
<<
< Step 162 ended (duration: 0:00:14.979453)
------------------

> Executing step 163
>> Running router on 162/demo_361.rou.alt_162.rou.alt.gz
>>> Begin time: 2025-01-26 22:12:09.613946
>>> End time: 2025-01-26 22:12:10.161066
>>> Duration: 0:00:00.547120
<<
>> Running simulation
>>> Begin time: 2025-01-26 22:12:10.161066
>>> End time: 2025-01-26 22:12:25.452876
>>> Duration: 0:00:15.291810
<<
< Step 163 ended (duration: 0:00:15.838930)
------------------

> Executing step 164
>> Running router on 163/demo_361.rou.alt_163.rou.alt.gz
>>> Begin time: 2025-01-26 22:12:25.468774
>>> End time: 2025-01-26 22:12:26.017723
>>> Duration: 0:00:00.548949
<<
>> Running simulation
>>> Begin time: 2025-01-26 22:12:26.019731
>>> End time: 2025-01-26 22:12:40.778225
>>> Duration: 0:00:14.758494
<<
< Step 164 ended (duration: 0:00:15.309451)
------------------

> Executing step 165
>> Running router on 164/demo_361.rou.alt_164.rou.alt.gz
>>> Begin time: 2025-01-26 22:12:40.783960
>>> End time: 2025-01-26 22:12:41.350901
>>> Duration: 0:00:00.566941
<<
>> Running simulation
>>> Begin time: 2025-01-26 22:12:41.350901
>>> End time: 2025-01-26 22:12:56.405850
>>> Duration: 0:00:15.054949
<<
< Step 165 ended (duration: 0:00:15.621890)
------------------

> Executing step 166
>> Running router on 165/demo_361.rou.alt_165.rou.alt.gz
>>> Begin time: 2025-01-26 22:12:56.405850
>>> End time: 2025-01-26 22:12:56.961538
>>> Duration: 0:00:00.555688
<<
>> Running simulation
>>> Begin time: 2025-01-26 22:12:56.961538
>>> End time: 2025-01-26 22:13:10.043381
>>> Duration: 0:00:13.081843
<<
< Step 166 ended (duration: 0:00:13.637531)
------------------

> Executing step 167
>> Running router on 166/demo_361.rou.alt_166.rou.alt.gz
>>> Begin time: 2025-01-26 22:13:10.046388
>>> End time: 2025-01-26 22:13:10.582669
>>> Duration: 0:00:00.536281
<<
>> Running simulation
>>> Begin time: 2025-01-26 22:13:10.582669
>>> End time: 2025-01-26 22:13:27.817368
>>> Duration: 0:00:17.234699
<<
< Step 167 ended (duration: 0:00:17.770980)
------------------

> Executing step 168
>> Running router on 167/demo_361.rou.alt_167.rou.alt.gz
>>> Begin time: 2025-01-26 22:13:27.817368
>>> End time: 2025-01-26 22:13:28.364482
>>> Duration: 0:00:00.547114
<<
>> Running simulation
>>> Begin time: 2025-01-26 22:13:28.364482
>>> End time: 2025-01-26 22:13:41.820854
>>> Duration: 0:00:13.456372
<<
< Step 168 ended (duration: 0:00:14.003486)
------------------

> Executing step 169
>> Running router on 168/demo_361.rou.alt_168.rou.alt.gz
>>> Begin time: 2025-01-26 22:13:41.827913
>>> End time: 2025-01-26 22:13:42.381595
>>> Duration: 0:00:00.553682
<<
>> Running simulation
>>> Begin time: 2025-01-26 22:13:42.381595
>>> End time: 2025-01-26 22:13:58.588251
>>> Duration: 0:00:16.206656
<<
< Step 169 ended (duration: 0:00:16.760338)
------------------

> Executing step 170
>> Running router on 169/demo_361.rou.alt_169.rou.alt.gz
>>> Begin time: 2025-01-26 22:13:58.604387
>>> End time: 2025-01-26 22:13:59.165913
>>> Duration: 0:00:00.561526
<<
>> Running simulation
>>> Begin time: 2025-01-26 22:13:59.166955
>>> End time: 2025-01-26 22:14:19.543853
>>> Duration: 0:00:20.376898
<<
< Step 170 ended (duration: 0:00:20.939466)
------------------

> Executing step 171
>> Running router on 170/demo_361.rou.alt_170.rou.alt.gz
>>> Begin time: 2025-01-26 22:14:19.561257
>>> End time: 2025-01-26 22:14:20.119378
>>> Duration: 0:00:00.558121
<<
>> Running simulation
>>> Begin time: 2025-01-26 22:14:20.119378
>>> End time: 2025-01-26 22:14:37.302121
>>> Duration: 0:00:17.182743
<<
< Step 171 ended (duration: 0:00:17.740864)
------------------

> Executing step 172
>> Running router on 171/demo_361.rou.alt_171.rou.alt.gz
>>> Begin time: 2025-01-26 22:14:37.318059
>>> End time: 2025-01-26 22:14:37.877660
>>> Duration: 0:00:00.559601
<<
>> Running simulation
>>> Begin time: 2025-01-26 22:14:37.877660
>>> End time: 2025-01-26 22:14:54.631457
>>> Duration: 0:00:16.753797
<<
< Step 172 ended (duration: 0:00:17.313398)
------------------

> Executing step 173
>> Running router on 172/demo_361.rou.alt_172.rou.alt.gz
>>> Begin time: 2025-01-26 22:14:54.639239
>>> End time: 2025-01-26 22:14:55.211115
>>> Duration: 0:00:00.571876
<<
>> Running simulation
>>> Begin time: 2025-01-26 22:14:55.211115
>>> End time: 2025-01-26 22:15:08.330743
>>> Duration: 0:00:13.119628
<<
< Step 173 ended (duration: 0:00:13.691504)
------------------

> Executing step 174
>> Running router on 173/demo_361.rou.alt_173.rou.alt.gz
>>> Begin time: 2025-01-26 22:15:08.338260
>>> End time: 2025-01-26 22:15:08.895720
>>> Duration: 0:00:00.557460
<<
>> Running simulation
>>> Begin time: 2025-01-26 22:15:08.895720
>>> End time: 2025-01-26 22:15:22.803428
>>> Duration: 0:00:13.907708
<<
< Step 174 ended (duration: 0:00:14.465168)
------------------

> Executing step 175
>> Running router on 174/demo_361.rou.alt_174.rou.alt.gz
>>> Begin time: 2025-01-26 22:15:22.811184
>>> End time: 2025-01-26 22:15:23.372299
>>> Duration: 0:00:00.561115
<<
>> Running simulation
>>> Begin time: 2025-01-26 22:15:23.372299
>>> End time: 2025-01-26 22:15:37.618081
>>> Duration: 0:00:14.245782
<<
< Step 175 ended (duration: 0:00:14.806897)
------------------

> Executing step 176
>> Running router on 175/demo_361.rou.alt_175.rou.alt.gz
>>> Begin time: 2025-01-26 22:15:37.633811
>>> End time: 2025-01-26 22:15:38.186099
>>> Duration: 0:00:00.552288
<<
>> Running simulation
>>> Begin time: 2025-01-26 22:15:38.186099
>>> End time: 2025-01-26 22:15:52.592011
>>> Duration: 0:00:14.405912
<<
< Step 176 ended (duration: 0:00:14.958200)
------------------

> Executing step 177
>> Running router on 176/demo_361.rou.alt_176.rou.alt.gz
>>> Begin time: 2025-01-26 22:15:52.594017
>>> End time: 2025-01-26 22:15:53.176617
>>> Duration: 0:00:00.582600
<<
>> Running simulation
>>> Begin time: 2025-01-26 22:15:53.177622
>>> End time: 2025-01-26 22:16:06.688590
>>> Duration: 0:00:13.510968
<<
< Step 177 ended (duration: 0:00:14.094573)
------------------

> Executing step 178
>> Running router on 177/demo_361.rou.alt_177.rou.alt.gz
>>> Begin time: 2025-01-26 22:16:06.708442
>>> End time: 2025-01-26 22:16:07.254550
>>> Duration: 0:00:00.546108
<<
>> Running simulation
>>> Begin time: 2025-01-26 22:16:07.254550
>>> End time: 2025-01-26 22:16:24.312781
>>> Duration: 0:00:17.058231
<<
< Step 178 ended (duration: 0:00:17.604339)
------------------

> Executing step 179
>> Running router on 178/demo_361.rou.alt_178.rou.alt.gz
>>> Begin time: 2025-01-26 22:16:24.312781
>>> End time: 2025-01-26 22:16:24.879610
>>> Duration: 0:00:00.566829
<<
>> Running simulation
>>> Begin time: 2025-01-26 22:16:24.879610
>>> End time: 2025-01-26 22:16:39.634412
>>> Duration: 0:00:14.754802
<<
< Step 179 ended (duration: 0:00:15.321631)
------------------

> Executing step 180
>> Running router on 179/demo_361.rou.alt_179.rou.alt.gz
>>> Begin time: 2025-01-26 22:16:39.650224
>>> End time: 2025-01-26 22:16:40.204981
>>> Duration: 0:00:00.554757
<<
>> Running simulation
>>> Begin time: 2025-01-26 22:16:40.204981
>>> End time: 2025-01-26 22:16:55.352437
>>> Duration: 0:00:15.147456
<<
< Step 180 ended (duration: 0:00:15.702213)
------------------

> Executing step 181
>> Running router on 180/demo_361.rou.alt_180.rou.alt.gz
>>> Begin time: 2025-01-26 22:16:55.376534
>>> End time: 2025-01-26 22:16:55.956343
>>> Duration: 0:00:00.579809
<<
>> Running simulation
>>> Begin time: 2025-01-26 22:16:55.956343
>>> End time: 2025-01-26 22:17:12.308187
>>> Duration: 0:00:16.351844
<<
< Step 181 ended (duration: 0:00:16.931653)
------------------

> Executing step 182
>> Running router on 181/demo_361.rou.alt_181.rou.alt.gz
>>> Begin time: 2025-01-26 22:17:12.316192
>>> End time: 2025-01-26 22:17:12.874343
>>> Duration: 0:00:00.558151
<<
>> Running simulation
>>> Begin time: 2025-01-26 22:17:12.874343
>>> End time: 2025-01-26 22:17:25.693485
>>> Duration: 0:00:12.819142
<<
< Step 182 ended (duration: 0:00:13.377293)
------------------

> Executing step 183
>> Running router on 182/demo_361.rou.alt_182.rou.alt.gz
>>> Begin time: 2025-01-26 22:17:25.709330
>>> End time: 2025-01-26 22:17:26.270251
>>> Duration: 0:00:00.560921
<<
>> Running simulation
>>> Begin time: 2025-01-26 22:17:26.270251
>>> End time: 2025-01-26 22:17:39.971097
>>> Duration: 0:00:13.700846
<<
< Step 183 ended (duration: 0:00:14.262769)
------------------

> Executing step 184
>> Running router on 183/demo_361.rou.alt_183.rou.alt.gz
>>> Begin time: 2025-01-26 22:17:39.974105
>>> End time: 2025-01-26 22:17:40.513290
>>> Duration: 0:00:00.539185
<<
>> Running simulation
>>> Begin time: 2025-01-26 22:17:40.513290
>>> End time: 2025-01-26 22:17:56.744455
>>> Duration: 0:00:16.231165
<<
< Step 184 ended (duration: 0:00:16.770350)
------------------

> Executing step 185
>> Running router on 184/demo_361.rou.alt_184.rou.alt.gz
>>> Begin time: 2025-01-26 22:17:56.744455
>>> End time: 2025-01-26 22:17:57.309912
>>> Duration: 0:00:00.565457
<<
>> Running simulation
>>> Begin time: 2025-01-26 22:17:57.309912
>>> End time: 2025-01-26 22:18:15.067686
>>> Duration: 0:00:17.757774
<<
< Step 185 ended (duration: 0:00:18.323231)
------------------

> Executing step 186
>> Running router on 185/demo_361.rou.alt_185.rou.alt.gz
>>> Begin time: 2025-01-26 22:18:15.073340
>>> End time: 2025-01-26 22:18:15.646702
>>> Duration: 0:00:00.573362
<<
>> Running simulation
>>> Begin time: 2025-01-26 22:18:15.646702
>>> End time: 2025-01-26 22:18:34.759093
>>> Duration: 0:00:19.112391
<<
< Step 186 ended (duration: 0:00:19.685753)
------------------

> Executing step 187
>> Running router on 186/demo_361.rou.alt_186.rou.alt.gz
>>> Begin time: 2025-01-26 22:18:34.774884
>>> End time: 2025-01-26 22:18:35.342910
>>> Duration: 0:00:00.568026
<<
>> Running simulation
>>> Begin time: 2025-01-26 22:18:35.342910
>>> End time: 2025-01-26 22:18:49.410767
>>> Duration: 0:00:14.067857
<<
< Step 187 ended (duration: 0:00:14.635883)
------------------

> Executing step 188
>> Running router on 187/demo_361.rou.alt_187.rou.alt.gz
>>> Begin time: 2025-01-26 22:18:49.410767
>>> End time: 2025-01-26 22:18:49.998229
>>> Duration: 0:00:00.587462
<<
>> Running simulation
>>> Begin time: 2025-01-26 22:18:49.998229
>>> End time: 2025-01-26 22:19:08.949488
>>> Duration: 0:00:18.951259
<<
< Step 188 ended (duration: 0:00:19.538721)
------------------

> Executing step 189
>> Running router on 188/demo_361.rou.alt_188.rou.alt.gz
>>> Begin time: 2025-01-26 22:19:08.959250
>>> End time: 2025-01-26 22:19:09.510808
>>> Duration: 0:00:00.551558
<<
>> Running simulation
>>> Begin time: 2025-01-26 22:19:09.510808
>>> End time: 2025-01-26 22:19:23.995391
>>> Duration: 0:00:14.484583
<<
< Step 189 ended (duration: 0:00:15.036141)
------------------

> Executing step 190
>> Running router on 189/demo_361.rou.alt_189.rou.alt.gz
>>> Begin time: 2025-01-26 22:19:23.995391
>>> End time: 2025-01-26 22:19:24.548317
>>> Duration: 0:00:00.552926
<<
>> Running simulation
>>> Begin time: 2025-01-26 22:19:24.548317
>>> End time: 2025-01-26 22:19:38.163364
>>> Duration: 0:00:13.615047
<<
< Step 190 ended (duration: 0:00:14.168972)
------------------

> Executing step 191
>> Running router on 190/demo_361.rou.alt_190.rou.alt.gz
>>> Begin time: 2025-01-26 22:19:38.172366
>>> End time: 2025-01-26 22:19:38.764045
>>> Duration: 0:00:00.591679
<<
>> Running simulation
>>> Begin time: 2025-01-26 22:19:38.764045
>>> End time: 2025-01-26 22:19:53.336961
>>> Duration: 0:00:14.572916
<<
< Step 191 ended (duration: 0:00:15.164595)
------------------

> Executing step 192
>> Running router on 191/demo_361.rou.alt_191.rou.alt.gz
>>> Begin time: 2025-01-26 22:19:53.358410
>>> End time: 2025-01-26 22:19:53.902857
>>> Duration: 0:00:00.544447
<<
>> Running simulation
>>> Begin time: 2025-01-26 22:19:53.902857
>>> End time: 2025-01-26 22:20:08.596364
>>> Duration: 0:00:14.693507
<<
< Step 192 ended (duration: 0:00:15.237954)
------------------

> Executing step 193
>> Running router on 192/demo_361.rou.alt_192.rou.alt.gz
>>> Begin time: 2025-01-26 22:20:08.612031
>>> End time: 2025-01-26 22:20:09.164831
>>> Duration: 0:00:00.552800
<<
>> Running simulation
>>> Begin time: 2025-01-26 22:20:09.164831
>>> End time: 2025-01-26 22:20:28.817413
>>> Duration: 0:00:19.652582
<<
< Step 193 ended (duration: 0:00:20.205382)
------------------

> Executing step 194
>> Running router on 193/demo_361.rou.alt_193.rou.alt.gz
>>> Begin time: 2025-01-26 22:20:28.833251
>>> End time: 2025-01-26 22:20:29.405445
>>> Duration: 0:00:00.572194
<<
>> Running simulation
>>> Begin time: 2025-01-26 22:20:29.406445
>>> End time: 2025-01-26 22:20:52.883856
>>> Duration: 0:00:23.477411
<<
< Step 194 ended (duration: 0:00:24.050605)
------------------

> Executing step 195
>> Running router on 194/demo_361.rou.alt_194.rou.alt.gz
>>> Begin time: 2025-01-26 22:20:52.899957
>>> End time: 2025-01-26 22:20:53.474643
>>> Duration: 0:00:00.574686
<<
>> Running simulation
>>> Begin time: 2025-01-26 22:20:53.475545
>>> End time: 2025-01-26 22:21:09.719560
>>> Duration: 0:00:16.244015
<<
< Step 195 ended (duration: 0:00:16.819603)
------------------

> Executing step 196
>> Running router on 195/demo_361.rou.alt_195.rou.alt.gz
>>> Begin time: 2025-01-26 22:21:09.735437
>>> End time: 2025-01-26 22:21:10.293386
>>> Duration: 0:00:00.557949
<<
>> Running simulation
>>> Begin time: 2025-01-26 22:21:10.295393
>>> End time: 2025-01-26 22:21:25.971713
>>> Duration: 0:00:15.676320
<<
< Step 196 ended (duration: 0:00:16.236276)
------------------

> Executing step 197
>> Running router on 196/demo_361.rou.alt_196.rou.alt.gz
>>> Begin time: 2025-01-26 22:21:25.980846
>>> End time: 2025-01-26 22:21:26.533045
>>> Duration: 0:00:00.552199
<<
>> Running simulation
>>> Begin time: 2025-01-26 22:21:26.533045
>>> End time: 2025-01-26 22:21:40.795579
>>> Duration: 0:00:14.262534
<<
< Step 197 ended (duration: 0:00:14.814733)
------------------

> Executing step 198
>> Running router on 197/demo_361.rou.alt_197.rou.alt.gz
>>> Begin time: 2025-01-26 22:21:40.795579
>>> End time: 2025-01-26 22:21:41.340237
>>> Duration: 0:00:00.544658
<<
>> Running simulation
>>> Begin time: 2025-01-26 22:21:41.340237
>>> End time: 2025-01-26 22:21:57.090706
>>> Duration: 0:00:15.750469
<<
< Step 198 ended (duration: 0:00:16.295127)
------------------

> Executing step 199
>> Running router on 198/demo_361.rou.alt_198.rou.alt.gz
>>> Begin time: 2025-01-26 22:21:57.106396
>>> End time: 2025-01-26 22:21:57.670264
>>> Duration: 0:00:00.563868
<<
>> Running simulation
>>> Begin time: 2025-01-26 22:21:57.670264
>>> End time: 2025-01-26 22:22:12.353777
>>> Duration: 0:00:14.683513
<<
< Step 199 ended (duration: 0:00:15.248378)
------------------

> Executing step 200
>> Running router on 199/demo_361.rou.alt_199.rou.alt.gz
>>> Begin time: 2025-01-26 22:22:12.365165
>>> End time: 2025-01-26 22:22:12.934339
>>> Duration: 0:00:00.569174
<<
>> Running simulation
>>> Begin time: 2025-01-26 22:22:12.934339
>>> End time: 2025-01-26 22:22:27.521004
>>> Duration: 0:00:14.586665
<<
< Step 200 ended (duration: 0:00:15.155839)
------------------

> Executing step 201
>> Running router on 200/demo_361.rou.alt_200.rou.alt.gz
>>> Begin time: 2025-01-26 22:22:27.536878
>>> End time: 2025-01-26 22:22:28.089743
>>> Duration: 0:00:00.552865
<<
>> Running simulation
>>> Begin time: 2025-01-26 22:22:28.089743
>>> End time: 2025-01-26 22:22:41.839291
>>> Duration: 0:00:13.749548
<<
< Step 201 ended (duration: 0:00:14.302413)
------------------

> Executing step 202
>> Running router on 201/demo_361.rou.alt_201.rou.alt.gz
>>> Begin time: 2025-01-26 22:22:41.852182
>>> End time: 2025-01-26 22:22:42.428982
>>> Duration: 0:00:00.576800
<<
>> Running simulation
>>> Begin time: 2025-01-26 22:22:42.430028
>>> End time: 2025-01-26 22:22:56.033089
>>> Duration: 0:00:13.603061
<<
< Step 202 ended (duration: 0:00:14.180907)
------------------

> Executing step 203
>> Running router on 202/demo_361.rou.alt_202.rou.alt.gz
>>> Begin time: 2025-01-26 22:22:56.048934
>>> End time: 2025-01-26 22:22:56.595313
>>> Duration: 0:00:00.546379
<<
>> Running simulation
>>> Begin time: 2025-01-26 22:22:56.605347
>>> End time: 2025-01-26 22:23:09.622810
>>> Duration: 0:00:13.017463
<<
< Step 203 ended (duration: 0:00:13.573876)
------------------

> Executing step 204
>> Running router on 203/demo_361.rou.alt_203.rou.alt.gz
>>> Begin time: 2025-01-26 22:23:09.628136
>>> End time: 2025-01-26 22:23:10.194417
>>> Duration: 0:00:00.566281
<<
>> Running simulation
>>> Begin time: 2025-01-26 22:23:10.194417
>>> End time: 2025-01-26 22:23:28.068935
>>> Duration: 0:00:17.874518
<<
< Step 204 ended (duration: 0:00:18.440799)
------------------

> Executing step 205
>> Running router on 204/demo_361.rou.alt_204.rou.alt.gz
>>> Begin time: 2025-01-26 22:23:28.068935
>>> End time: 2025-01-26 22:23:28.628400
>>> Duration: 0:00:00.559465
<<
>> Running simulation
>>> Begin time: 2025-01-26 22:23:28.628400
>>> End time: 2025-01-26 22:23:42.140583
>>> Duration: 0:00:13.512183
<<
< Step 205 ended (duration: 0:00:14.071648)
------------------

> Executing step 206
>> Running router on 205/demo_361.rou.alt_205.rou.alt.gz
>>> Begin time: 2025-01-26 22:23:42.140583
>>> End time: 2025-01-26 22:23:42.682185
>>> Duration: 0:00:00.541602
<<
>> Running simulation
>>> Begin time: 2025-01-26 22:23:42.682185
>>> End time: 2025-01-26 22:23:58.308632
>>> Duration: 0:00:15.626447
<<
< Step 206 ended (duration: 0:00:16.168049)
------------------

> Executing step 207
>> Running router on 206/demo_361.rou.alt_206.rou.alt.gz
>>> Begin time: 2025-01-26 22:23:58.316868
>>> End time: 2025-01-26 22:23:58.892578
>>> Duration: 0:00:00.575710
<<
>> Running simulation
>>> Begin time: 2025-01-26 22:23:58.892578
>>> End time: 2025-01-26 22:24:14.816102
>>> Duration: 0:00:15.923524
<<
< Step 207 ended (duration: 0:00:16.499234)
------------------

> Executing step 208
>> Running router on 207/demo_361.rou.alt_207.rou.alt.gz
>>> Begin time: 2025-01-26 22:24:14.831811
>>> End time: 2025-01-26 22:24:15.400279
>>> Duration: 0:00:00.568468
<<
>> Running simulation
>>> Begin time: 2025-01-26 22:24:15.400279
>>> End time: 2025-01-26 22:24:31.234696
>>> Duration: 0:00:15.834417
<<
< Step 208 ended (duration: 0:00:16.402885)
------------------

> Executing step 209
>> Running router on 208/demo_361.rou.alt_208.rou.alt.gz
>>> Begin time: 2025-01-26 22:24:31.239926
>>> End time: 2025-01-26 22:24:31.868775
>>> Duration: 0:00:00.628849
<<
>> Running simulation
>>> Begin time: 2025-01-26 22:24:31.868775
>>> End time: 2025-01-26 22:24:53.889130
>>> Duration: 0:00:22.020355
<<
< Step 209 ended (duration: 0:00:22.650203)
------------------

> Executing step 210
>> Running router on 209/demo_361.rou.alt_209.rou.alt.gz
>>> Begin time: 2025-01-26 22:24:53.893489
>>> End time: 2025-01-26 22:24:54.509336
>>> Duration: 0:00:00.615847
<<
>> Running simulation
>>> Begin time: 2025-01-26 22:24:54.509336
>>> End time: 2025-01-26 22:25:14.973871
>>> Duration: 0:00:20.464535
<<
< Step 210 ended (duration: 0:00:21.080382)
------------------

> Executing step 211
>> Running router on 210/demo_361.rou.alt_210.rou.alt.gz
>>> Begin time: 2025-01-26 22:25:14.981400
>>> End time: 2025-01-26 22:25:15.622434
>>> Duration: 0:00:00.641034
<<
>> Running simulation
>>> Begin time: 2025-01-26 22:25:15.622434
>>> End time: 2025-01-26 22:25:35.218466
>>> Duration: 0:00:19.596032
<<
< Step 211 ended (duration: 0:00:20.237066)
------------------

> Executing step 212
>> Running router on 211/demo_361.rou.alt_211.rou.alt.gz
>>> Begin time: 2025-01-26 22:25:35.234159
>>> End time: 2025-01-26 22:25:35.883760
>>> Duration: 0:00:00.649601
<<
>> Running simulation
>>> Begin time: 2025-01-26 22:25:35.883760
>>> End time: 2025-01-26 22:26:01.267805
>>> Duration: 0:00:25.384045
<<
< Step 212 ended (duration: 0:00:26.033646)
------------------

> Executing step 213
>> Running router on 212/demo_361.rou.alt_212.rou.alt.gz
>>> Begin time: 2025-01-26 22:26:01.275613
>>> End time: 2025-01-26 22:26:01.945364
>>> Duration: 0:00:00.669751
<<
>> Running simulation
>>> Begin time: 2025-01-26 22:26:01.947372
>>> End time: 2025-01-26 22:26:24.794450
>>> Duration: 0:00:22.847078
<<
< Step 213 ended (duration: 0:00:23.518837)
------------------

> Executing step 214
>> Running router on 213/demo_361.rou.alt_213.rou.alt.gz
>>> Begin time: 2025-01-26 22:26:24.810462
>>> End time: 2025-01-26 22:26:25.478213
>>> Duration: 0:00:00.667751
<<
>> Running simulation
>>> Begin time: 2025-01-26 22:26:25.478213
>>> End time: 2025-01-26 22:26:46.158800
>>> Duration: 0:00:20.680587
<<
< Step 214 ended (duration: 0:00:21.348338)
------------------

> Executing step 215
>> Running router on 214/demo_361.rou.alt_214.rou.alt.gz
>>> Begin time: 2025-01-26 22:26:46.174178
>>> End time: 2025-01-26 22:26:46.844676
>>> Duration: 0:00:00.670498
<<
>> Running simulation
>>> Begin time: 2025-01-26 22:26:46.844676
>>> End time: 2025-01-26 22:27:10.257974
>>> Duration: 0:00:23.413298
<<
< Step 215 ended (duration: 0:00:24.083796)
------------------

> Executing step 216
>> Running router on 215/demo_361.rou.alt_215.rou.alt.gz
>>> Begin time: 2025-01-26 22:27:10.273892
>>> End time: 2025-01-26 22:27:10.878781
>>> Duration: 0:00:00.604889
<<
>> Running simulation
>>> Begin time: 2025-01-26 22:27:10.878781
>>> End time: 2025-01-26 22:27:25.296888
>>> Duration: 0:00:14.418107
<<
< Step 216 ended (duration: 0:00:15.022996)
------------------

> Executing step 217
>> Running router on 216/demo_361.rou.alt_216.rou.alt.gz
>>> Begin time: 2025-01-26 22:27:25.312537
>>> End time: 2025-01-26 22:27:25.888304
>>> Duration: 0:00:00.575767
<<
>> Running simulation
>>> Begin time: 2025-01-26 22:27:25.888304
>>> End time: 2025-01-26 22:27:41.328211
>>> Duration: 0:00:15.439907
<<
< Step 217 ended (duration: 0:00:16.015674)
------------------

> Executing step 218
>> Running router on 217/demo_361.rou.alt_217.rou.alt.gz
>>> Begin time: 2025-01-26 22:27:41.328211
>>> End time: 2025-01-26 22:27:41.909477
>>> Duration: 0:00:00.581266
<<
>> Running simulation
>>> Begin time: 2025-01-26 22:27:41.909477
>>> End time: 2025-01-26 22:28:01.630082
>>> Duration: 0:00:19.720605
<<
< Step 218 ended (duration: 0:00:20.301871)
------------------

> Executing step 219
>> Running router on 218/demo_361.rou.alt_218.rou.alt.gz
>>> Begin time: 2025-01-26 22:28:01.636126
>>> End time: 2025-01-26 22:28:02.204282
>>> Duration: 0:00:00.568156
<<
>> Running simulation
>>> Begin time: 2025-01-26 22:28:02.204282
>>> End time: 2025-01-26 22:28:23.141576
>>> Duration: 0:00:20.937294
<<
< Step 219 ended (duration: 0:00:21.505450)
------------------

> Executing step 220
>> Running router on 219/demo_361.rou.alt_219.rou.alt.gz
>>> Begin time: 2025-01-26 22:28:23.149618
>>> End time: 2025-01-26 22:28:23.719483
>>> Duration: 0:00:00.569865
<<
>> Running simulation
>>> Begin time: 2025-01-26 22:28:23.719483
>>> End time: 2025-01-26 22:28:43.009047
>>> Duration: 0:00:19.289564
<<
< Step 220 ended (duration: 0:00:19.859429)
------------------

> Executing step 221
>> Running router on 220/demo_361.rou.alt_220.rou.alt.gz
>>> Begin time: 2025-01-26 22:28:43.009047
>>> End time: 2025-01-26 22:28:43.623192
>>> Duration: 0:00:00.614145
<<
>> Running simulation
>>> Begin time: 2025-01-26 22:28:43.623192
>>> End time: 2025-01-26 22:28:58.673206
>>> Duration: 0:00:15.050014
<<
< Step 221 ended (duration: 0:00:15.664159)
------------------

> Executing step 222
>> Running router on 221/demo_361.rou.alt_221.rou.alt.gz
>>> Begin time: 2025-01-26 22:28:58.689199
>>> End time: 2025-01-26 22:28:59.272569
>>> Duration: 0:00:00.583370
<<
>> Running simulation
>>> Begin time: 2025-01-26 22:28:59.273573
>>> End time: 2025-01-26 22:29:13.368439
>>> Duration: 0:00:14.094866
<<
< Step 222 ended (duration: 0:00:14.695233)
------------------

> Executing step 223
>> Running router on 222/demo_361.rou.alt_222.rou.alt.gz
>>> Begin time: 2025-01-26 22:29:13.376395
>>> End time: 2025-01-26 22:29:13.957450
>>> Duration: 0:00:00.581055
<<
>> Running simulation
>>> Begin time: 2025-01-26 22:29:13.957450
>>> End time: 2025-01-26 22:29:28.589739
>>> Duration: 0:00:14.632289
<<
< Step 223 ended (duration: 0:00:15.213344)
------------------

> Executing step 224
>> Running router on 223/demo_361.rou.alt_223.rou.alt.gz
>>> Begin time: 2025-01-26 22:29:28.604901
>>> End time: 2025-01-26 22:29:29.172042
>>> Duration: 0:00:00.567141
<<
>> Running simulation
>>> Begin time: 2025-01-26 22:29:29.172042
>>> End time: 2025-01-26 22:29:42.471470
>>> Duration: 0:00:13.299428
<<
< Step 224 ended (duration: 0:00:13.866569)
------------------

> Executing step 225
>> Running router on 224/demo_361.rou.alt_224.rou.alt.gz
>>> Begin time: 2025-01-26 22:29:42.471470
>>> End time: 2025-01-26 22:29:43.048920
>>> Duration: 0:00:00.577450
<<
>> Running simulation
>>> Begin time: 2025-01-26 22:29:43.048920
>>> End time: 2025-01-26 22:29:58.237384
>>> Duration: 0:00:15.188464
<<
< Step 225 ended (duration: 0:00:15.765914)
------------------

> Executing step 226
>> Running router on 225/demo_361.rou.alt_225.rou.alt.gz
>>> Begin time: 2025-01-26 22:29:58.250321
>>> End time: 2025-01-26 22:29:58.911665
>>> Duration: 0:00:00.661344
<<
>> Running simulation
>>> Begin time: 2025-01-26 22:29:58.911665
>>> End time: 2025-01-26 22:30:20.469143
>>> Duration: 0:00:21.557478
<<
< Step 226 ended (duration: 0:00:22.218822)
------------------

> Executing step 227
>> Running router on 226/demo_361.rou.alt_226.rou.alt.gz
>>> Begin time: 2025-01-26 22:30:20.473539
>>> End time: 2025-01-26 22:30:21.058088
>>> Duration: 0:00:00.584549
<<
>> Running simulation
>>> Begin time: 2025-01-26 22:30:21.058088
>>> End time: 2025-01-26 22:30:38.291074
>>> Duration: 0:00:17.232986
<<
< Step 227 ended (duration: 0:00:17.819767)
------------------

> Executing step 228
>> Running router on 227/demo_361.rou.alt_227.rou.alt.gz
>>> Begin time: 2025-01-26 22:30:38.302851
>>> End time: 2025-01-26 22:30:38.972320
>>> Duration: 0:00:00.669469
<<
>> Running simulation
>>> Begin time: 2025-01-26 22:30:38.972320
>>> End time: 2025-01-26 22:30:52.879865
>>> Duration: 0:00:13.907545
<<
< Step 228 ended (duration: 0:00:14.577014)
------------------

> Executing step 229
>> Running router on 228/demo_361.rou.alt_228.rou.alt.gz
>>> Begin time: 2025-01-26 22:30:52.895591
>>> End time: 2025-01-26 22:30:53.577640
>>> Duration: 0:00:00.682049
<<
>> Running simulation
>>> Begin time: 2025-01-26 22:30:53.577640
>>> End time: 2025-01-26 22:31:07.792073
>>> Duration: 0:00:14.214433
<<
< Step 229 ended (duration: 0:00:14.896482)
------------------

> Executing step 230
>> Running router on 229/demo_361.rou.alt_229.rou.alt.gz
>>> Begin time: 2025-01-26 22:31:07.807836
>>> End time: 2025-01-26 22:31:08.361710
>>> Duration: 0:00:00.553874
<<
>> Running simulation
>>> Begin time: 2025-01-26 22:31:08.361710
>>> End time: 2025-01-26 22:31:22.317381
>>> Duration: 0:00:13.955671
<<
< Step 230 ended (duration: 0:00:14.509545)
------------------

> Executing step 231
>> Running router on 230/demo_361.rou.alt_230.rou.alt.gz
>>> Begin time: 2025-01-26 22:31:22.333772
>>> End time: 2025-01-26 22:31:22.908297
>>> Duration: 0:00:00.574525
<<
>> Running simulation
>>> Begin time: 2025-01-26 22:31:22.908297
>>> End time: 2025-01-26 22:31:37.906820
>>> Duration: 0:00:14.998523
<<
< Step 231 ended (duration: 0:00:15.573048)
------------------

> Executing step 232
>> Running router on 231/demo_361.rou.alt_231.rou.alt.gz
>>> Begin time: 2025-01-26 22:31:37.922670
>>> End time: 2025-01-26 22:31:38.497213
>>> Duration: 0:00:00.574543
<<
>> Running simulation
>>> Begin time: 2025-01-26 22:31:38.497213
>>> End time: 2025-01-26 22:31:55.807347
>>> Duration: 0:00:17.310134
<<
< Step 232 ended (duration: 0:00:17.884677)
------------------

> Executing step 233
>> Running router on 232/demo_361.rou.alt_232.rou.alt.gz
>>> Begin time: 2025-01-26 22:31:55.823215
>>> End time: 2025-01-26 22:31:56.414793
>>> Duration: 0:00:00.591578
<<
>> Running simulation
>>> Begin time: 2025-01-26 22:31:56.414793
>>> End time: 2025-01-26 22:32:15.436659
>>> Duration: 0:00:19.021866
<<
< Step 233 ended (duration: 0:00:19.613444)
------------------

> Executing step 234
>> Running router on 233/demo_361.rou.alt_233.rou.alt.gz
>>> Begin time: 2025-01-26 22:32:15.452741
>>> End time: 2025-01-26 22:32:16.051118
>>> Duration: 0:00:00.598377
<<
>> Running simulation
>>> Begin time: 2025-01-26 22:32:16.051118
>>> End time: 2025-01-26 22:32:30.529336
>>> Duration: 0:00:14.478218
<<
< Step 234 ended (duration: 0:00:15.076595)
------------------

> Executing step 235
>> Running router on 234/demo_361.rou.alt_234.rou.alt.gz
>>> Begin time: 2025-01-26 22:32:30.533932
>>> End time: 2025-01-26 22:32:31.097251
>>> Duration: 0:00:00.563319
<<
>> Running simulation
>>> Begin time: 2025-01-26 22:32:31.097251
>>> End time: 2025-01-26 22:32:47.958576
>>> Duration: 0:00:16.861325
<<
< Step 235 ended (duration: 0:00:17.424644)
------------------

> Executing step 236
>> Running router on 235/demo_361.rou.alt_235.rou.alt.gz
>>> Begin time: 2025-01-26 22:32:47.958576
>>> End time: 2025-01-26 22:32:48.546294
>>> Duration: 0:00:00.587718
<<
>> Running simulation
>>> Begin time: 2025-01-26 22:32:48.546294
>>> End time: 2025-01-26 22:33:04.373500
>>> Duration: 0:00:15.827206
<<
< Step 236 ended (duration: 0:00:16.414924)
------------------

> Executing step 237
>> Running router on 236/demo_361.rou.alt_236.rou.alt.gz
>>> Begin time: 2025-01-26 22:33:04.395135
>>> End time: 2025-01-26 22:33:05.094466
>>> Duration: 0:00:00.699331
<<
>> Running simulation
>>> Begin time: 2025-01-26 22:33:05.094466
>>> End time: 2025-01-26 22:33:20.566285
>>> Duration: 0:00:15.471819
<<
< Step 237 ended (duration: 0:00:16.171150)
------------------

> Executing step 238
>> Running router on 237/demo_361.rou.alt_237.rou.alt.gz
>>> Begin time: 2025-01-26 22:33:20.570294
>>> End time: 2025-01-26 22:33:21.247015
>>> Duration: 0:00:00.676721
<<
>> Running simulation
>>> Begin time: 2025-01-26 22:33:21.247015
>>> End time: 2025-01-26 22:33:35.515679
>>> Duration: 0:00:14.268664
<<
< Step 238 ended (duration: 0:00:14.945385)
------------------

> Executing step 239
>> Running router on 238/demo_361.rou.alt_238.rou.alt.gz
>>> Begin time: 2025-01-26 22:33:35.522302
>>> End time: 2025-01-26 22:33:36.200866
>>> Duration: 0:00:00.678564
<<
>> Running simulation
>>> Begin time: 2025-01-26 22:33:36.200866
>>> End time: 2025-01-26 22:33:51.518989
>>> Duration: 0:00:15.318123
<<
< Step 239 ended (duration: 0:00:15.996687)
------------------

> Executing step 240
>> Running router on 239/demo_361.rou.alt_239.rou.alt.gz
>>> Begin time: 2025-01-26 22:33:51.582783
>>> End time: 2025-01-26 22:33:52.167944
>>> Duration: 0:00:00.585161
<<
>> Running simulation
>>> Begin time: 2025-01-26 22:33:52.169952
>>> End time: 2025-01-26 22:34:10.205919
>>> Duration: 0:00:18.035967
<<
< Step 240 ended (duration: 0:00:18.623136)
------------------

> Executing step 241
>> Running router on 240/demo_361.rou.alt_240.rou.alt.gz
>>> Begin time: 2025-01-26 22:34:10.221609
>>> End time: 2025-01-26 22:34:10.790596
>>> Duration: 0:00:00.568987
<<
>> Running simulation
>>> Begin time: 2025-01-26 22:34:10.790596
>>> End time: 2025-01-26 22:34:32.841152
>>> Duration: 0:00:22.050556
<<
< Step 241 ended (duration: 0:00:22.619543)
------------------

> Executing step 242
>> Running router on 241/demo_361.rou.alt_241.rou.alt.gz
>>> Begin time: 2025-01-26 22:34:32.857280
>>> End time: 2025-01-26 22:34:33.457917
>>> Duration: 0:00:00.600637
<<
>> Running simulation
>>> Begin time: 2025-01-26 22:34:33.457917
>>> End time: 2025-01-26 22:34:52.934257
>>> Duration: 0:00:19.476340
<<
< Step 242 ended (duration: 0:00:20.076977)
------------------

> Executing step 243
>> Running router on 242/demo_361.rou.alt_242.rou.alt.gz
>>> Begin time: 2025-01-26 22:34:52.950241
>>> End time: 2025-01-26 22:34:53.619363
>>> Duration: 0:00:00.669122
<<
>> Running simulation
>>> Begin time: 2025-01-26 22:34:53.619363
>>> End time: 2025-01-26 22:35:08.704359
>>> Duration: 0:00:15.084996
<<
< Step 243 ended (duration: 0:00:15.754118)
------------------

dua-iterate ended (duration: 1:09:39.811848)
